2024-04-05 08:56:20 info: =================================
2024-04-05 08:56:20 info: ======= ENV: development =======
2024-04-05 08:56:20 info: 🚀 App listening on the port 3000
2024-04-05 08:56:20 info: =================================
2024-04-05 08:56:30 error: [POST] /bookings/create/2 >> StatusCode:: 404, Message:: room not found
2024-04-05 08:56:30 info: [0mPOST /bookings/create/2 [33m404[0m 341.380 ms - 28[0m
2024-04-05 08:56:40 info: [0mPOST /seed [32m200[0m 248.077 ms - -[0m
2024-04-05 08:56:51 info: [0mPOST /bookings/create/2 [32m201[0m 4288.049 ms - 238[0m
2024-04-05 08:57:07 error: [POST] /bookings/create/2 >> StatusCode:: 500, Message:: duplicate key value violates unique constraint "REL_5721d262c907a9c9e6273d9142"
2024-04-05 08:57:07 info: [0mPOST /bookings/create/2 [31m500[0m 170.094 ms - 95[0m
2024-04-05 08:57:49 info: [0mPOST /users/login [32m200[0m 158.542 ms - 602[0m
2024-04-05 08:58:27 info: [0mPATCH /bookings/cancel-booking/1 [32m200[0m 97.665 ms - 241[0m
2024-04-05 08:58:36 error: [POST] /bookings/create/2 >> StatusCode:: 500, Message:: duplicate key value violates unique constraint "REL_5721d262c907a9c9e6273d9142"
2024-04-05 08:58:36 info: [0mPOST /bookings/create/2 [31m500[0m 15.521 ms - 95[0m
2024-04-05 08:59:59 info: =================================
2024-04-05 08:59:59 info: ======= ENV: development =======
2024-04-05 08:59:59 info: 🚀 App listening on the port 3000
2024-04-05 08:59:59 info: =================================
2024-04-05 09:00:16 info: =================================
2024-04-05 09:00:16 info: ======= ENV: development =======
2024-04-05 09:00:16 info: 🚀 App listening on the port 3000
2024-04-05 09:00:16 info: =================================
2024-04-05 09:00:24 info: =================================
2024-04-05 09:00:24 info: ======= ENV: development =======
2024-04-05 09:00:24 info: 🚀 App listening on the port 3000
2024-04-05 09:00:24 info: =================================
2024-04-05 09:00:51 info: [0mGET /bookings/delete/1 [33m404[0m 11.035 ms - 156[0m
2024-04-05 09:00:56 info: [0mDELETE /bookings/delete/1 [32m200[0m 145.212 ms - 238[0m
2024-04-05 09:01:56 info: =================================
2024-04-05 09:01:56 info: ======= ENV: development =======
2024-04-05 09:01:56 info: 🚀 App listening on the port 3000
2024-04-05 09:01:56 info: =================================
2024-04-05 09:02:13 info: =================================
2024-04-05 09:02:13 info: ======= ENV: development =======
2024-04-05 09:02:13 info: 🚀 App listening on the port 3000
2024-04-05 09:02:13 info: =================================
2024-04-05 09:02:35 info: =================================
2024-04-05 09:02:35 info: ======= ENV: development =======
2024-04-05 09:02:35 info: 🚀 App listening on the port 3000
2024-04-05 09:02:35 info: =================================
2024-04-05 09:02:43 info: =================================
2024-04-05 09:02:44 info: ======= ENV: development =======
2024-04-05 09:02:44 info: 🚀 App listening on the port 3000
2024-04-05 09:02:44 info: =================================
2024-04-05 09:02:50 info: =================================
2024-04-05 09:02:50 info: ======= ENV: development =======
2024-04-05 09:02:50 info: 🚀 App listening on the port 3000
2024-04-05 09:02:50 info: =================================
2024-04-05 09:02:58 info: [0mPOST /bookings/create/2 [32m201[0m 4569.631 ms - 238[0m
2024-04-05 09:03:36 info: [0mPOST /bookings/create/2 [32m201[0m 4652.825 ms - 238[0m
2024-04-05 09:04:18 info: [0mPOST /bookings/create/2 [32m201[0m 4345.536 ms - 238[0m
2024-04-05 09:04:27 info: [0mGET /bookings/range [32m200[0m 77.704 ms - 608[0m
2024-04-05 09:05:36 info: [0mPATCH /bookings/cancel-booking/5 [32m200[0m 111.365 ms - 241[0m
2024-04-05 09:06:02 error: [GET] /bookings/2 >> StatusCode:: 409, Message:: no booking with [object Object]  exist
2024-04-05 09:06:02 info: [0mGET /bookings/2 [33m409[0m 60.234 ms - 52[0m
2024-04-05 09:06:55 info: =================================
2024-04-05 09:06:55 info: ======= ENV: development =======
2024-04-05 09:06:55 info: 🚀 App listening on the port 3000
2024-04-05 09:06:55 info: =================================
2024-04-05 09:06:56 error: [GET] /bookings/2 >> StatusCode:: 409, Message:: no booking with [object Object]  exist
2024-04-05 09:06:56 info: [0mGET /bookings/2 [33m409[0m 30.822 ms - 52[0m
2024-04-05 09:07:38 info: =================================
2024-04-05 09:07:38 info: ======= ENV: development =======
2024-04-05 09:07:38 info: 🚀 App listening on the port 3000
2024-04-05 09:07:38 info: =================================
2024-04-05 09:07:40 error: [GET] /bookings/2 >> StatusCode:: 409, Message:: no booking with [object Object]  exist
2024-04-05 09:07:40 info: [0mGET /bookings/2 [33m409[0m 27.757 ms - 52[0m
2024-04-05 09:07:52 info: =================================
2024-04-05 09:07:53 info: ======= ENV: development =======
2024-04-05 09:07:53 info: 🚀 App listening on the port 3000
2024-04-05 09:07:53 info: =================================
2024-04-05 09:08:08 info: =================================
2024-04-05 09:08:08 info: ======= ENV: development =======
2024-04-05 09:08:08 info: 🚀 App listening on the port 3000
2024-04-05 09:08:08 info: =================================
2024-04-05 09:08:24 info: =================================
2024-04-05 09:08:24 info: ======= ENV: development =======
2024-04-05 09:08:24 info: 🚀 App listening on the port 3000
2024-04-05 09:08:24 info: =================================
2024-04-05 09:08:26 error: [GET] /bookings/2 >> StatusCode:: 409, Message:: no booking with [object Object]  exist
2024-04-05 09:08:26 info: [0mGET /bookings/2 [33m409[0m 17.865 ms - 52[0m
2024-04-05 09:08:43 info: =================================
2024-04-05 09:08:43 info: ======= ENV: development =======
2024-04-05 09:08:43 info: 🚀 App listening on the port 3000
2024-04-05 09:08:43 info: =================================
2024-04-05 09:08:48 info: =================================
2024-04-05 09:08:48 info: ======= ENV: development =======
2024-04-05 09:08:48 info: 🚀 App listening on the port 3000
2024-04-05 09:08:48 info: =================================
2024-04-05 09:08:51 error: [GET] /bookings/2 >> StatusCode:: 409, Message:: no booking with [object Object]  exist
2024-04-05 09:08:51 info: [0mGET /bookings/2 [33m409[0m 18.987 ms - 52[0m
2024-04-05 09:09:12 info: =================================
2024-04-05 09:09:12 info: ======= ENV: development =======
2024-04-05 09:09:12 info: 🚀 App listening on the port 3000
2024-04-05 09:09:12 info: =================================
2024-04-05 09:09:36 info: =================================
2024-04-05 09:09:36 info: ======= ENV: development =======
2024-04-05 09:09:36 info: 🚀 App listening on the port 3000
2024-04-05 09:09:36 info: =================================
2024-04-05 09:09:39 error: [GET] /bookings/2 >> StatusCode:: 409, Message:: no booking with [object Object]  exist
2024-04-05 09:09:39 info: [0mGET /bookings/2 [33m409[0m 26.429 ms - 52[0m
2024-04-05 09:10:07 info: =================================
2024-04-05 09:10:07 info: ======= ENV: development =======
2024-04-05 09:10:07 info: 🚀 App listening on the port 3000
2024-04-05 09:10:07 info: =================================
2024-04-05 09:10:13 info: =================================
2024-04-05 09:10:13 info: ======= ENV: development =======
2024-04-05 09:10:13 info: 🚀 App listening on the port 3000
2024-04-05 09:10:13 info: =================================
2024-04-05 09:10:27 info: =================================
2024-04-05 09:10:27 info: ======= ENV: development =======
2024-04-05 09:10:27 info: 🚀 App listening on the port 3000
2024-04-05 09:10:27 info: =================================
2024-04-05 09:10:38 info: =================================
2024-04-05 09:10:38 info: ======= ENV: development =======
2024-04-05 09:10:38 info: 🚀 App listening on the port 3000
2024-04-05 09:10:38 info: =================================
2024-04-05 09:11:05 info: =================================
2024-04-05 09:11:05 info: ======= ENV: development =======
2024-04-05 09:11:05 info: 🚀 App listening on the port 3000
2024-04-05 09:11:05 info: =================================
2024-04-05 09:11:10 info: =================================
2024-04-05 09:11:10 info: ======= ENV: development =======
2024-04-05 09:11:10 info: 🚀 App listening on the port 3000
2024-04-05 09:11:10 info: =================================
2024-04-05 09:12:45 info: =================================
2024-04-05 09:12:45 info: ======= ENV: development =======
2024-04-05 09:12:45 info: 🚀 App listening on the port 3000
2024-04-05 09:12:45 info: =================================
2024-04-05 09:13:37 error: [GET] /bookings/2 >> StatusCode:: 409, Message:: no booking with [object Object]  exist
2024-04-05 09:13:37 info: [0mGET /bookings/2 [33m409[0m 92.124 ms - 52[0m
2024-04-05 09:14:16 info: =================================
2024-04-05 09:14:16 info: ======= ENV: development =======
2024-04-05 09:14:16 info: 🚀 App listening on the port 3000
2024-04-05 09:14:16 info: =================================
2024-04-05 09:14:21 error: [GET] /bookings/2 >> StatusCode:: 409, Message:: no booking with [object Object]  exist
2024-04-05 09:14:21 info: [0mGET /bookings/2 [33m409[0m 20.687 ms - 52[0m
2024-04-05 09:14:45 info: =================================
2024-04-05 09:14:45 info: ======= ENV: development =======
2024-04-05 09:14:45 info: 🚀 App listening on the port 3000
2024-04-05 09:14:45 info: =================================
2024-04-05 09:14:51 info: =================================
2024-04-05 09:14:51 info: ======= ENV: development =======
2024-04-05 09:14:51 info: 🚀 App listening on the port 3000
2024-04-05 09:14:51 info: =================================
2024-04-05 09:15:00 info: =================================
2024-04-05 09:15:00 info: ======= ENV: development =======
2024-04-05 09:15:00 info: 🚀 App listening on the port 3000
2024-04-05 09:15:00 info: =================================
2024-04-05 09:15:08 info: =================================
2024-04-05 09:15:08 info: ======= ENV: development =======
2024-04-05 09:15:08 info: 🚀 App listening on the port 3000
2024-04-05 09:15:08 info: =================================
2024-04-05 09:15:20 info: =================================
2024-04-05 09:15:20 info: ======= ENV: development =======
2024-04-05 09:15:20 info: 🚀 App listening on the port 3000
2024-04-05 09:15:20 info: =================================
2024-04-05 09:15:49 error: [GET] /bookings/2 >> StatusCode:: 409, Message:: no booking with [object Object]  exist
2024-04-05 09:15:49 info: [0mGET /bookings/2 [33m409[0m 80.924 ms - 52[0m
2024-04-05 09:16:26 info: =================================
2024-04-05 09:16:26 info: ======= ENV: development =======
2024-04-05 09:16:26 info: 🚀 App listening on the port 3000
2024-04-05 09:16:26 info: =================================
2024-04-05 09:17:11 info: =================================
2024-04-05 09:17:11 info: ======= ENV: development =======
2024-04-05 09:17:11 info: 🚀 App listening on the port 3000
2024-04-05 09:17:11 info: =================================
2024-04-05 09:17:12 info: [0mGET /bookings/all [32m200[0m 27.964 ms - 412[0m
2024-04-05 09:17:30 error: [GET] /bookings/1 >> StatusCode:: 409, Message:: no booking with [object Object]  exist
2024-04-05 09:17:30 info: [0mGET /bookings/1 [33m409[0m 63.876 ms - 52[0m
2024-04-05 09:17:48 error: [GET] /bookings/5 >> StatusCode:: 409, Message:: no booking with [object Object]  exist
2024-04-05 09:17:48 info: [0mGET /bookings/5 [33m409[0m 56.732 ms - 52[0m
2024-04-05 09:17:53 info: [0mGET /bookings/4 [32m200[0m 7.623 ms - 225[0m
2024-04-05 09:17:58 info: [0mGET /bookings/6 [32m200[0m 5.797 ms - 225[0m
2024-04-05 09:18:41 info: =================================
2024-04-05 09:18:41 info: ======= ENV: development =======
2024-04-05 09:18:41 info: 🚀 App listening on the port 3000
2024-04-05 09:18:41 info: =================================
2024-04-05 09:19:39 info: =================================
2024-04-05 09:19:39 info: ======= ENV: development =======
2024-04-05 09:19:39 info: 🚀 App listening on the port 3000
2024-04-05 09:19:39 info: =================================
2024-04-05 09:20:02 info: =================================
2024-04-05 09:20:02 info: ======= ENV: development =======
2024-04-05 09:20:02 info: 🚀 App listening on the port 3000
2024-04-05 09:20:02 info: =================================
2024-04-05 09:20:12 info: =================================
2024-04-05 09:20:12 info: ======= ENV: development =======
2024-04-05 09:20:12 info: 🚀 App listening on the port 3000
2024-04-05 09:20:12 info: =================================
2024-04-05 09:20:13 info: [0mGET /bookings/6 [32m200[0m 36.448 ms - 225[0m
2024-04-05 09:20:22 error: [GET] /bookings/1 >> StatusCode:: 409, Message:: no booking with [object Object]  exist
2024-04-05 09:20:22 info: [0mGET /bookings/1 [33m409[0m 10.977 ms - 52[0m
2024-04-05 09:20:45 info: =================================
2024-04-05 09:20:45 info: ======= ENV: development =======
2024-04-05 09:20:45 info: 🚀 App listening on the port 3000
2024-04-05 09:20:45 info: =================================
2024-04-05 09:20:46 error: [GET] /bookings/1 >> StatusCode:: 409, Message:: no booking with [object Object]  exist
2024-04-05 09:20:46 info: [0mGET /bookings/1 [33m409[0m 19.791 ms - 52[0m
2024-04-05 09:21:02 info: =================================
2024-04-05 09:21:02 info: ======= ENV: development =======
2024-04-05 09:21:02 info: 🚀 App listening on the port 3000
2024-04-05 09:21:02 info: =================================
2024-04-05 09:21:07 info: =================================
2024-04-05 09:21:07 info: ======= ENV: development =======
2024-04-05 09:21:07 info: 🚀 App listening on the port 3000
2024-04-05 09:21:07 info: =================================
2024-04-05 09:21:27 info: =================================
2024-04-05 09:21:27 info: ======= ENV: development =======
2024-04-05 09:21:27 info: 🚀 App listening on the port 3000
2024-04-05 09:21:27 info: =================================
2024-04-05 09:21:38 info: =================================
2024-04-05 09:21:38 info: ======= ENV: development =======
2024-04-05 09:21:38 info: 🚀 App listening on the port 3000
2024-04-05 09:21:38 info: =================================
2024-04-05 09:21:39 error: [GET] /bookings/1 >> StatusCode:: 409, Message:: no booking with [object Object]  exist 😔
2024-04-05 09:21:39 info: [0mGET /bookings/1 [33m409[0m 27.257 ms - 57[0m
2024-04-05 09:21:48 info: =================================
2024-04-05 09:21:48 info: ======= ENV: development =======
2024-04-05 09:21:48 info: 🚀 App listening on the port 3000
2024-04-05 09:21:48 info: =================================
2024-04-05 09:23:34 info: =================================
2024-04-05 09:23:34 info: ======= ENV: development =======
2024-04-05 09:23:34 info: 🚀 App listening on the port 3000
2024-04-05 09:23:34 info: =================================
2024-04-05 09:26:13 error: [GET] /bookings/1 >> StatusCode:: 500, Message:: Cannot read properties of undefined (reading 'id')
2024-04-05 09:26:13 info: [0mGET /bookings/1 [31m500[0m 142.856 ms - 64[0m
2024-04-05 09:26:43 info: =================================
2024-04-05 09:26:43 info: ======= ENV: development =======
2024-04-05 09:26:43 info: 🚀 App listening on the port 3000
2024-04-05 09:26:43 info: =================================
2024-04-05 09:26:48 error: [GET] /bookings/1 >> StatusCode:: 500, Message:: Cannot read properties of undefined (reading 'id')
2024-04-05 09:26:48 info: [0mGET /bookings/1 [31m500[0m 24.028 ms - 64[0m
2024-04-05 09:27:15 info: =================================
2024-04-05 09:27:15 info: ======= ENV: development =======
2024-04-05 09:27:15 info: 🚀 App listening on the port 3000
2024-04-05 09:27:15 info: =================================
2024-04-05 09:27:18 error: [GET] /bookings/1 >> StatusCode:: 500, Message:: Cannot read properties of undefined (reading 'id')
2024-04-05 09:27:18 info: [0mGET /bookings/1 [31m500[0m 18.754 ms - 64[0m
2024-04-05 09:27:53 info: [0mGET /bookings/all [32m200[0m 143.412 ms - 412[0m
2024-04-05 09:30:30 info: =================================
2024-04-05 09:30:30 info: ======= ENV: development =======
2024-04-05 09:30:30 info: 🚀 App listening on the port 3000
2024-04-05 09:30:30 info: =================================
2024-04-05 09:30:40 error: [GET] /bookings/1 >> StatusCode:: 409, Message:: no booking with [object Object]  exist 😔
2024-04-05 09:30:40 info: [0mGET /bookings/1 [33m409[0m 49.061 ms - 57[0m
2024-04-05 09:30:59 info: =================================
2024-04-05 09:30:59 info: ======= ENV: development =======
2024-04-05 09:30:59 info: 🚀 App listening on the port 3000
2024-04-05 09:30:59 info: =================================
2024-04-05 09:31:06 info: =================================
2024-04-05 09:31:06 info: ======= ENV: development =======
2024-04-05 09:31:06 info: 🚀 App listening on the port 3000
2024-04-05 09:31:06 info: =================================
2024-04-05 09:31:40 info: =================================
2024-04-05 09:31:40 info: ======= ENV: development =======
2024-04-05 09:31:40 info: 🚀 App listening on the port 3000
2024-04-05 09:31:40 info: =================================
2024-04-05 09:32:18 error: [GET] /bookings/1 >> StatusCode:: 409, Message:: no booking with [object Object]  exist 😔
2024-04-05 09:32:18 info: [0mGET /bookings/1 [33m409[0m 108.173 ms - 57[0m
2024-04-05 09:32:35 info: =================================
2024-04-05 09:32:35 info: ======= ENV: development =======
2024-04-05 09:32:35 info: 🚀 App listening on the port 3000
2024-04-05 09:32:35 info: =================================
2024-04-05 09:32:46 info: =================================
2024-04-05 09:32:46 info: ======= ENV: development =======
2024-04-05 09:32:46 info: 🚀 App listening on the port 3000
2024-04-05 09:32:46 info: =================================
2024-04-05 09:32:58 info: =================================
2024-04-05 09:32:58 info: ======= ENV: development =======
2024-04-05 09:32:58 info: 🚀 App listening on the port 3000
2024-04-05 09:32:58 info: =================================
2024-04-05 09:33:08 info: =================================
2024-04-05 09:33:09 info: ======= ENV: development =======
2024-04-05 09:33:09 info: 🚀 App listening on the port 3000
2024-04-05 09:33:09 info: =================================
2024-04-05 09:33:10 error: [GET] /bookings/1 >> StatusCode:: 500, Message:: No entity column "key" was found.
2024-04-05 09:33:10 info: [0mGET /bookings/1 [31m500[0m 42.117 ms - 49[0m
2024-04-05 09:33:22 error: [GET] /bookings/5 >> StatusCode:: 500, Message:: No entity column "key" was found.
2024-04-05 09:33:22 info: [0mGET /bookings/5 [31m500[0m 9.331 ms - 49[0m
2024-04-05 09:33:26 error: [GET] /bookings/6 >> StatusCode:: 500, Message:: No entity column "key" was found.
2024-04-05 09:33:26 info: [0mGET /bookings/6 [31m500[0m 6.543 ms - 49[0m
2024-04-05 09:33:30 error: [GET] /bookings/4 >> StatusCode:: 500, Message:: No entity column "key" was found.
2024-04-05 09:33:30 info: [0mGET /bookings/4 [31m500[0m 3.610 ms - 49[0m
2024-04-05 09:34:24 info: =================================
2024-04-05 09:34:24 info: ======= ENV: development =======
2024-04-05 09:34:24 info: 🚀 App listening on the port 3000
2024-04-05 09:34:24 info: =================================
2024-04-05 09:34:29 error: [GET] /bookings/4 >> StatusCode:: 500, Message:: invalid input syntax for type integer: "{"key":{"id":4}}"
2024-04-05 09:34:29 info: [0mGET /bookings/4 [31m500[0m 24.632 ms - 77[0m
2024-04-05 09:34:40 info: =================================
2024-04-05 09:34:40 info: ======= ENV: development =======
2024-04-05 09:34:40 info: 🚀 App listening on the port 3000
2024-04-05 09:34:40 info: =================================
2024-04-05 09:34:47 info: =================================
2024-04-05 09:34:47 info: ======= ENV: development =======
2024-04-05 09:34:47 info: 🚀 App listening on the port 3000
2024-04-05 09:34:47 info: =================================
2024-04-05 09:35:42 error: [GET] /bookings/4 >> StatusCode:: 500, Message:: No entity column "key" was found.
2024-04-05 09:35:42 info: [0mGET /bookings/4 [31m500[0m 13.936 ms - 49[0m
2024-04-05 09:36:25 info: =================================
2024-04-05 09:36:25 info: ======= ENV: development =======
2024-04-05 09:36:25 info: 🚀 App listening on the port 3000
2024-04-05 09:36:25 info: =================================
2024-04-05 09:36:34 info: =================================
2024-04-05 09:36:34 info: ======= ENV: development =======
2024-04-05 09:36:34 info: 🚀 App listening on the port 3000
2024-04-05 09:36:34 info: =================================
2024-04-05 09:36:45 info: =================================
2024-04-05 09:36:45 info: ======= ENV: development =======
2024-04-05 09:36:45 info: 🚀 App listening on the port 3000
2024-04-05 09:36:45 info: =================================
2024-04-05 09:37:04 info: =================================
2024-04-05 09:37:04 info: ======= ENV: development =======
2024-04-05 09:37:04 info: 🚀 App listening on the port 3000
2024-04-05 09:37:04 info: =================================
2024-04-05 09:37:19 info: =================================
2024-04-05 09:37:19 info: ======= ENV: development =======
2024-04-05 09:37:19 info: 🚀 App listening on the port 3000
2024-04-05 09:37:19 info: =================================
2024-04-05 09:37:31 info: =================================
2024-04-05 09:37:31 info: ======= ENV: development =======
2024-04-05 09:37:31 info: 🚀 App listening on the port 3000
2024-04-05 09:37:31 info: =================================
2024-04-05 09:37:35 info: =================================
2024-04-05 09:37:35 info: ======= ENV: development =======
2024-04-05 09:37:35 info: 🚀 App listening on the port 3000
2024-04-05 09:37:35 info: =================================
2024-04-05 09:37:42 info: =================================
2024-04-05 09:37:42 info: ======= ENV: development =======
2024-04-05 09:37:42 info: 🚀 App listening on the port 3000
2024-04-05 09:37:42 info: =================================
2024-04-05 09:38:07 info: =================================
2024-04-05 09:38:07 info: ======= ENV: development =======
2024-04-05 09:38:07 info: 🚀 App listening on the port 3000
2024-04-05 09:38:07 info: =================================
2024-04-05 09:38:10 info: [0mGET /bookings/4 [32m200[0m 30.574 ms - 225[0m
2024-04-05 09:38:41 info: =================================
2024-04-05 09:38:41 info: ======= ENV: development =======
2024-04-05 09:38:41 info: 🚀 App listening on the port 3000
2024-04-05 09:38:41 info: =================================
2024-04-05 09:38:48 info: =================================
2024-04-05 09:38:48 info: ======= ENV: development =======
2024-04-05 09:38:48 info: 🚀 App listening on the port 3000
2024-04-05 09:38:48 info: =================================
2024-04-05 09:39:02 info: =================================
2024-04-05 09:39:02 info: ======= ENV: development =======
2024-04-05 09:39:02 info: 🚀 App listening on the port 3000
2024-04-05 09:39:02 info: =================================
2024-04-05 09:39:14 info: =================================
2024-04-05 09:39:14 info: ======= ENV: development =======
2024-04-05 09:39:14 info: 🚀 App listening on the port 3000
2024-04-05 09:39:14 info: =================================
2024-04-05 09:39:41 info: =================================
2024-04-05 09:39:41 info: ======= ENV: development =======
2024-04-05 09:39:41 info: 🚀 App listening on the port 3000
2024-04-05 09:39:41 info: =================================
2024-04-05 09:39:57 error: [POST] /bookings/create/2 >> StatusCode:: 500, Message:: duplicate key value violates unique constraint "REL_5721d262c907a9c9e6273d9142"
2024-04-05 09:39:57 info: [0mPOST /bookings/create/2 [31m500[0m 713.314 ms - 95[0m
2024-04-05 09:40:08 info: [0mPOST /bookings/create/2 [32m201[0m 5050.681 ms - 239[0m
2024-04-05 09:40:39 info: [0mGET /bookings/8 [32m200[0m 98.845 ms - 226[0m
2024-04-05 09:40:47 info: [0mGET /bookings/range [32m200[0m 10.554 ms - 609[0m
2024-04-05 09:40:57 error: [GET] /bookings/2 >> StatusCode:: 409, Message:: no booking with 2  exist 😔
2024-04-05 09:40:57 info: [0mGET /bookings/2 [33m409[0m 3.263 ms - 43[0m
2024-04-05 09:42:33 info: =================================
2024-04-05 09:42:33 info: ======= ENV: development =======
2024-04-05 09:42:33 info: 🚀 App listening on the port 3000
2024-04-05 09:42:33 info: =================================
2024-04-05 09:42:43 error: [GET] /bookings/1 >> StatusCode:: 409, Message:: no booking with 1  exist 😔
2024-04-05 09:42:43 info: [0mGET /bookings/1 [33m409[0m 22.306 ms - 43[0m
2024-04-05 09:42:49 error: [GET] /bookings/2 >> StatusCode:: 409, Message:: no booking with 2  exist 😔
2024-04-05 09:42:49 info: [0mGET /bookings/2 [33m409[0m 4.528 ms - 43[0m
2024-04-05 09:43:58 info: =================================
2024-04-05 09:43:58 info: ======= ENV: development =======
2024-04-05 09:43:58 info: 🚀 App listening on the port 3000
2024-04-05 09:43:58 info: =================================
2024-04-05 09:44:18 info: =================================
2024-04-05 09:44:18 info: ======= ENV: development =======
2024-04-05 09:44:18 info: 🚀 App listening on the port 3000
2024-04-05 09:44:18 info: =================================
2024-04-05 09:44:25 info: =================================
2024-04-05 09:44:25 info: ======= ENV: development =======
2024-04-05 09:44:25 info: 🚀 App listening on the port 3000
2024-04-05 09:44:25 info: =================================
2024-04-05 09:44:32 info: =================================
2024-04-05 09:44:32 info: ======= ENV: development =======
2024-04-05 09:44:32 info: 🚀 App listening on the port 3000
2024-04-05 09:44:32 info: =================================
2024-04-05 09:44:33 error: [GET] /bookings/2 >> StatusCode:: 409, Message:: no booking with 2  exist 😔
2024-04-05 09:44:33 info: [0mGET /bookings/2 [33m409[0m 34.225 ms - 43[0m
2024-04-05 09:45:29 info: =================================
2024-04-05 09:45:29 info: ======= ENV: development =======
2024-04-05 09:45:29 info: 🚀 App listening on the port 3000
2024-04-05 09:45:29 info: =================================
2024-04-05 09:45:42 info: =================================
2024-04-05 09:45:42 info: ======= ENV: development =======
2024-04-05 09:45:42 info: 🚀 App listening on the port 3000
2024-04-05 09:45:42 info: =================================
2024-04-05 09:51:55 error: [GET] /bookings/2 >> StatusCode:: 409, Message:: no booking with 2  exist 😔
2024-04-05 09:51:55 info: [0mGET /bookings/2 [33m409[0m 95.963 ms - 43[0m
2024-04-05 09:51:58 info: [0mGET /bookings/all [32m200[0m 7.809 ms - 602[0m
2024-04-05 09:52:03 info: [0mGET /bookings/8 [32m200[0m 4.684 ms - 226[0m
2024-04-05 09:52:08 error: [GET] /bookings/2 >> StatusCode:: 409, Message:: no booking with 2  exist 😔
2024-04-05 09:52:08 info: [0mGET /bookings/2 [33m409[0m 4.504 ms - 43[0m
2024-04-05 09:52:25 info: [0mGET /bookings/8 [32m200[0m 53.409 ms - 226[0m
2024-04-05 09:52:49 info: [0mGET /bookings/range [32m200[0m 95.644 ms - 609[0m
2024-04-05 09:53:34 info: =================================
2024-04-05 09:53:34 info: ======= ENV: development =======
2024-04-05 09:53:34 info: 🚀 App listening on the port 3000
2024-04-05 09:53:34 info: =================================
2024-04-05 11:16:25 info: =================================
2024-04-05 11:16:25 info: ======= ENV: development =======
2024-04-05 11:16:25 info: 🚀 App listening on the port 3000
2024-04-05 11:16:25 info: =================================
2024-04-05 11:16:42 info: [0mGET /bookings/all [32m200[0m 253.130 ms - 602[0m
2024-04-05 11:17:40 info: [0mGET /users [32m200[0m 167.990 ms - 306[0m
2024-04-05 11:18:27 info: [0mOPTIONS /users/login [32m204[0m 1.482 ms - 0[0m
2024-04-05 11:18:28 info: [0mPOST /users/login [32m200[0m 960.676 ms - 602[0m
2024-04-05 11:18:30 info: [0mGET /users/2 [32m200[0m 31.265 ms - 304[0m
2024-04-05 11:18:31 info: [0mGET /users/2 [36m304[0m 16.100 ms - -[0m
2024-04-05 11:18:31 info: [0mGET /users/2 [32m200[0m 22.444 ms - 304[0m
2024-04-05 11:18:31 info: [0mGET /users/2 [32m200[0m 270.350 ms - 304[0m
2024-04-05 11:18:31 info: [0mGET /users/2 [32m200[0m 192.663 ms - 304[0m
2024-04-05 11:18:31 info: [0mGET /users/2 [32m200[0m 194.510 ms - 304[0m
2024-04-05 11:18:42 info: [0mGET /users/2 [36m304[0m 155.838 ms - -[0m
2024-04-05 11:18:42 info: [0mGET /users/2 [32m200[0m 163.085 ms - 304[0m
2024-04-05 11:18:42 info: [0mGET /users/2 [36m304[0m 10.355 ms - -[0m
2024-04-05 11:18:42 info: [0mGET /users/2 [32m200[0m 24.188 ms - 304[0m
2024-04-05 11:18:42 info: [0mGET /users/2 [32m200[0m 26.108 ms - 304[0m
2024-04-05 11:18:43 info: [0mGET /users/2 [32m200[0m 131.542 ms - 304[0m
2024-04-05 11:18:45 info: [0mOPTIONS /rooms/find-room [32m204[0m 0.202 ms - 0[0m
2024-04-05 11:18:45 info: [0mOPTIONS /rooms/find-room [32m204[0m 1.614 ms - 0[0m
2024-04-05 11:18:45 info: [0mPOST /rooms/find-room [32m200[0m 46.339 ms - 299[0m
2024-04-05 11:18:45 info: [0mPOST /rooms/find-room [32m200[0m 27.950 ms - 299[0m
2024-04-05 11:18:45 info: [0mGET /rooms [32m200[0m 35.233 ms - -[0m
2024-04-05 11:18:45 info: [0mGET /rooms [32m200[0m 52.546 ms - -[0m
2024-04-05 11:18:45 info: [0mOPTIONS /bookings/range [32m204[0m 0.222 ms - 0[0m
2024-04-05 11:18:45 info: [0mOPTIONS /bookings/range [32m204[0m 0.369 ms - 0[0m
2024-04-05 11:18:45 info: [0mOPTIONS /bookings/range [32m204[0m 0.238 ms - 0[0m
2024-04-05 11:18:45 error: [POST] /bookings/range >> StatusCode:: 404, Message:: no booking between 2024-04-05 and 2024-04-06 exist
2024-04-05 11:18:45 info: [0mPOST /bookings/range [33m404[0m 28.858 ms - 64[0m
2024-04-05 11:18:45 error: [POST] /bookings/range >> StatusCode:: 404, Message:: no booking between 2024-04-05 and 2024-04-06 exist
2024-04-05 11:18:45 info: [0mPOST /bookings/range [33m404[0m 30.231 ms - 64[0m
2024-04-05 11:18:45 error: [POST] /bookings/range >> StatusCode:: 404, Message:: no booking between 2024-04-05 and 2024-04-06 exist
2024-04-05 11:18:45 info: [0mPOST /bookings/range [33m404[0m 58.619 ms - 64[0m
2024-04-05 11:18:45 error: [POST] /bookings/range >> StatusCode:: 404, Message:: no booking between 2024-04-05 and 2024-04-06 exist
2024-04-05 11:18:45 info: [0mPOST /bookings/range [33m404[0m 45.822 ms - 64[0m
2024-04-05 11:18:45 error: [POST] /bookings/range >> StatusCode:: 404, Message:: no booking between 2024-04-05 and 2024-04-06 exist
2024-04-05 11:18:45 info: [0mPOST /bookings/range [33m404[0m 32.706 ms - 64[0m
2024-04-05 11:18:45 error: [POST] /bookings/range >> StatusCode:: 404, Message:: no booking between 2024-04-05 and 2024-04-06 exist
2024-04-05 11:18:45 info: [0mPOST /bookings/range [33m404[0m 35.460 ms - 64[0m
2024-04-05 11:18:45 error: [POST] /bookings/range >> StatusCode:: 404, Message:: no booking between 2024-04-05 and 2024-04-06 exist
2024-04-05 11:18:45 info: [0mPOST /bookings/range [33m404[0m 38.949 ms - 64[0m
2024-04-05 11:18:45 error: [POST] /bookings/range >> StatusCode:: 404, Message:: no booking between 2024-04-05 and 2024-04-06 exist
2024-04-05 11:18:45 info: [0mPOST /bookings/range [33m404[0m 49.743 ms - 64[0m
2024-04-05 11:18:45 error: [POST] /bookings/range >> StatusCode:: 404, Message:: no booking between 2024-04-05 and 2024-04-06 exist
2024-04-05 11:18:45 info: [0mPOST /bookings/range [33m404[0m 56.135 ms - 64[0m
2024-04-05 11:18:45 error: [POST] /bookings/range >> StatusCode:: 404, Message:: no booking between 2024-04-05 and 2024-04-06 exist
2024-04-05 11:18:45 info: [0mPOST /bookings/range [33m404[0m 37.893 ms - 64[0m
2024-04-05 11:18:45 error: [POST] /bookings/range >> StatusCode:: 404, Message:: no booking between 2024-04-05 and 2024-04-06 exist
2024-04-05 11:18:45 info: [0mPOST /bookings/range [33m404[0m 29.911 ms - 64[0m
2024-04-05 11:18:45 error: [POST] /bookings/range >> StatusCode:: 404, Message:: no booking between 2024-04-05 and 2024-04-06 exist
2024-04-05 11:18:45 info: [0mPOST /bookings/range [33m404[0m 20.039 ms - 64[0m
2024-04-05 11:18:45 error: [POST] /bookings/range >> StatusCode:: 404, Message:: no booking between 2024-04-05 and 2024-04-06 exist
2024-04-05 11:18:45 info: [0mPOST /bookings/range [33m404[0m 21.081 ms - 64[0m
2024-04-05 11:18:45 error: [POST] /bookings/range >> StatusCode:: 404, Message:: no booking between 2024-04-05 and 2024-04-06 exist
2024-04-05 11:18:45 info: [0mPOST /bookings/range [33m404[0m 21.163 ms - 64[0m
2024-04-05 11:18:45 error: [POST] /bookings/range >> StatusCode:: 404, Message:: no booking between 2024-04-05 and 2024-04-06 exist
2024-04-05 11:18:45 info: [0mPOST /bookings/range [33m404[0m 20.630 ms - 64[0m
2024-04-05 11:18:45 error: [POST] /bookings/range >> StatusCode:: 404, Message:: no booking between 2024-04-05 and 2024-04-06 exist
2024-04-05 11:18:45 info: [0mPOST /bookings/range [33m404[0m 25.666 ms - 64[0m
2024-04-05 11:18:45 error: [POST] /bookings/range >> StatusCode:: 404, Message:: no booking between 2024-04-05 and 2024-04-06 exist
2024-04-05 11:18:45 info: [0mPOST /bookings/range [33m404[0m 20.409 ms - 64[0m
2024-04-05 11:18:45 error: [POST] /bookings/range >> StatusCode:: 404, Message:: no booking between 2024-04-05 and 2024-04-06 exist
2024-04-05 11:18:45 info: [0mPOST /bookings/range [33m404[0m 25.761 ms - 64[0m
2024-04-05 11:18:45 error: [POST] /bookings/range >> StatusCode:: 404, Message:: no booking between 2024-04-05 and 2024-04-06 exist
2024-04-05 11:18:45 info: [0mPOST /bookings/range [33m404[0m 24.863 ms - 64[0m
2024-04-05 11:18:45 error: [POST] /bookings/range >> StatusCode:: 404, Message:: no booking between 2024-04-05 and 2024-04-06 exist
2024-04-05 11:18:45 info: [0mPOST /bookings/range [33m404[0m 18.634 ms - 64[0m
2024-04-05 11:18:45 error: [POST] /bookings/range >> StatusCode:: 404, Message:: no booking between 2024-04-05 and 2024-04-06 exist
2024-04-05 11:18:45 info: [0mPOST /bookings/range [33m404[0m 27.572 ms - 64[0m
2024-04-05 11:18:45 info: [0mOPTIONS /bookings/range [32m204[0m 0.224 ms - 0[0m
2024-04-05 11:18:45 error: [POST] /bookings/range >> StatusCode:: 404, Message:: no booking between 2024-04-05 and 2024-04-06 exist
2024-04-05 11:18:45 info: [0mPOST /bookings/range [33m404[0m 29.228 ms - 64[0m
2024-04-05 11:18:45 info: [0mOPTIONS /bookings/range [32m204[0m 0.352 ms - 0[0m
2024-04-05 11:18:45 info: [0mOPTIONS /bookings/range [32m204[0m 0.271 ms - 0[0m
2024-04-05 11:18:45 info: [0mOPTIONS /bookings/range [32m204[0m 0.361 ms - 0[0m
2024-04-05 11:18:45 info: [0mOPTIONS /bookings/range [32m204[0m 0.787 ms - 0[0m
2024-04-05 11:18:45 error: [POST] /bookings/range >> StatusCode:: 404, Message:: no booking between 2024-04-05 and 2024-04-06 exist
2024-04-05 11:18:45 info: [0mPOST /bookings/range [33m404[0m 336.576 ms - 64[0m
2024-04-05 11:18:45 error: [POST] /bookings/range >> StatusCode:: 404, Message:: no booking between 2024-04-05 and 2024-04-06 exist
2024-04-05 11:18:45 info: [0mPOST /bookings/range [33m404[0m 21.863 ms - 64[0m
2024-04-05 11:18:45 error: [POST] /bookings/range >> StatusCode:: 404, Message:: no booking between 2024-04-05 and 2024-04-06 exist
2024-04-05 11:18:45 info: [0mPOST /bookings/range [33m404[0m 28.652 ms - 64[0m
2024-04-05 11:18:45 error: [POST] /bookings/range >> StatusCode:: 404, Message:: no booking between 2024-04-05 and 2024-04-06 exist
2024-04-05 11:18:45 info: [0mPOST /bookings/range [33m404[0m 30.693 ms - 64[0m
2024-04-05 11:18:45 info: [0mOPTIONS /bookings/range [32m204[0m 0.306 ms - 0[0m
2024-04-05 11:18:45 info: [0mOPTIONS /bookings/range [32m204[0m 0.305 ms - 0[0m
2024-04-05 11:18:45 info: [0mOPTIONS /bookings/range [32m204[0m 0.289 ms - 0[0m
2024-04-05 11:18:45 info: [0mOPTIONS /bookings/range [32m204[0m 1.515 ms - 0[0m
2024-04-05 11:18:45 error: [POST] /bookings/range >> StatusCode:: 404, Message:: no booking between 2024-04-05 and 2024-04-06 exist
2024-04-05 11:18:45 info: [0mPOST /bookings/range [33m404[0m 33.431 ms - 64[0m
2024-04-05 11:18:45 info: [0mOPTIONS /bookings/range [32m204[0m 0.263 ms - 0[0m
2024-04-05 11:18:45 error: [POST] /bookings/range >> StatusCode:: 404, Message:: no booking between 2024-04-05 and 2024-04-06 exist
2024-04-05 11:18:45 info: [0mPOST /bookings/range [33m404[0m 38.398 ms - 64[0m
2024-04-05 11:18:45 error: [POST] /bookings/range >> StatusCode:: 404, Message:: no booking between 2024-04-05 and 2024-04-06 exist
2024-04-05 11:18:45 info: [0mPOST /bookings/range [33m404[0m 29.997 ms - 64[0m
2024-04-05 11:18:45 error: [POST] /bookings/range >> StatusCode:: 404, Message:: no booking between 2024-04-05 and 2024-04-06 exist
2024-04-05 11:18:45 info: [0mPOST /bookings/range [33m404[0m 367.305 ms - 64[0m
2024-04-05 11:18:45 error: [POST] /bookings/range >> StatusCode:: 404, Message:: no booking between 2024-04-05 and 2024-04-06 exist
2024-04-05 11:18:45 info: [0mPOST /bookings/range [33m404[0m 28.157 ms - 64[0m
2024-04-05 11:18:45 error: [POST] /bookings/range >> StatusCode:: 404, Message:: no booking between 2024-04-05 and 2024-04-06 exist
2024-04-05 11:18:45 info: [0mPOST /bookings/range [33m404[0m 22.225 ms - 64[0m
2024-04-05 11:18:45 error: [POST] /bookings/range >> StatusCode:: 404, Message:: no booking between 2024-04-05 and 2024-04-06 exist
2024-04-05 11:18:45 info: [0mPOST /bookings/range [33m404[0m 22.179 ms - 64[0m
2024-04-05 11:18:45 error: [POST] /bookings/range >> StatusCode:: 404, Message:: no booking between 2024-04-05 and 2024-04-06 exist
2024-04-05 11:18:45 info: [0mPOST /bookings/range [33m404[0m 27.867 ms - 64[0m
2024-04-05 11:18:55 info: [0mGET /rooms [32m200[0m 11.800 ms - -[0m
2024-04-05 11:18:55 info: [0mOPTIONS /rooms/find-room [32m204[0m 0.356 ms - 0[0m
2024-04-05 11:18:55 info: [0mPOST /rooms/find-room [32m200[0m 7.893 ms - 299[0m
2024-04-05 11:18:55 info: [0mGET /rooms [36m304[0m 22.124 ms - -[0m
2024-04-05 11:18:55 info: [0mPOST /rooms/find-room [32m200[0m 20.322 ms - 299[0m
2024-04-05 11:18:56 info: [0mOPTIONS /bookings/range [32m204[0m 0.434 ms - 0[0m
2024-04-05 11:18:56 error: [POST] /bookings/range >> StatusCode:: 404, Message:: no booking between 2024-04-05 and 2024-04-06 exist
2024-04-05 11:18:56 info: [0mPOST /bookings/range [33m404[0m 7.911 ms - 64[0m
2024-04-05 11:18:56 error: [POST] /bookings/range >> StatusCode:: 404, Message:: no booking between 2024-04-05 and 2024-04-06 exist
2024-04-05 11:18:56 info: [0mPOST /bookings/range [33m404[0m 11.065 ms - 64[0m
2024-04-05 11:18:56 info: [0mOPTIONS /bookings/range [32m204[0m 1.906 ms - 0[0m
2024-04-05 11:18:56 info: [0mOPTIONS /bookings/range [32m204[0m 0.946 ms - 0[0m
2024-04-05 11:18:56 error: [POST] /bookings/range >> StatusCode:: 404, Message:: no booking between 2024-04-05 and 2024-04-06 exist
2024-04-05 11:18:56 info: [0mPOST /bookings/range [33m404[0m 27.884 ms - 64[0m
2024-04-05 11:18:56 error: [POST] /bookings/range >> StatusCode:: 404, Message:: no booking between 2024-04-05 and 2024-04-06 exist
2024-04-05 11:18:56 info: [0mPOST /bookings/range [33m404[0m 39.142 ms - 64[0m
2024-04-05 11:18:56 error: [POST] /bookings/range >> StatusCode:: 404, Message:: no booking between 2024-04-05 and 2024-04-06 exist
2024-04-05 11:18:56 info: [0mPOST /bookings/range [33m404[0m 36.406 ms - 64[0m
2024-04-05 11:18:56 error: [POST] /bookings/range >> StatusCode:: 404, Message:: no booking between 2024-04-05 and 2024-04-06 exist
2024-04-05 11:18:56 info: [0mPOST /bookings/range [33m404[0m 84.474 ms - 64[0m
2024-04-05 11:18:56 error: [POST] /bookings/range >> StatusCode:: 404, Message:: no booking between 2024-04-05 and 2024-04-06 exist
2024-04-05 11:18:56 info: [0mPOST /bookings/range [33m404[0m 87.265 ms - 64[0m
2024-04-05 11:18:56 error: [POST] /bookings/range >> StatusCode:: 404, Message:: no booking between 2024-04-05 and 2024-04-06 exist
2024-04-05 11:18:56 info: [0mPOST /bookings/range [33m404[0m 53.585 ms - 64[0m
2024-04-05 11:18:56 error: [POST] /bookings/range >> StatusCode:: 404, Message:: no booking between 2024-04-05 and 2024-04-06 exist
2024-04-05 11:18:56 info: [0mPOST /bookings/range [33m404[0m 82.792 ms - 64[0m
2024-04-05 11:18:56 error: [POST] /bookings/range >> StatusCode:: 404, Message:: no booking between 2024-04-05 and 2024-04-06 exist
2024-04-05 11:18:56 info: [0mPOST /bookings/range [33m404[0m 23.848 ms - 64[0m
2024-04-05 11:18:56 error: [POST] /bookings/range >> StatusCode:: 404, Message:: no booking between 2024-04-05 and 2024-04-06 exist
2024-04-05 11:18:56 info: [0mPOST /bookings/range [33m404[0m 34.267 ms - 64[0m
2024-04-05 11:18:56 error: [POST] /bookings/range >> StatusCode:: 404, Message:: no booking between 2024-04-05 and 2024-04-06 exist
2024-04-05 11:18:56 info: [0mPOST /bookings/range [33m404[0m 28.102 ms - 64[0m
2024-04-05 11:18:56 error: [POST] /bookings/range >> StatusCode:: 404, Message:: no booking between 2024-04-05 and 2024-04-06 exist
2024-04-05 11:18:56 info: [0mPOST /bookings/range [33m404[0m 22.525 ms - 64[0m
2024-04-05 11:18:56 error: [POST] /bookings/range >> StatusCode:: 404, Message:: no booking between 2024-04-05 and 2024-04-06 exist
2024-04-05 11:18:56 info: [0mPOST /bookings/range [33m404[0m 14.664 ms - 64[0m
2024-04-05 11:18:56 error: [POST] /bookings/range >> StatusCode:: 404, Message:: no booking between 2024-04-05 and 2024-04-06 exist
2024-04-05 11:18:56 info: [0mPOST /bookings/range [33m404[0m 14.723 ms - 64[0m
2024-04-05 11:18:56 error: [POST] /bookings/range >> StatusCode:: 404, Message:: no booking between 2024-04-05 and 2024-04-06 exist
2024-04-05 11:18:56 info: [0mPOST /bookings/range [33m404[0m 8.296 ms - 64[0m
2024-04-05 11:18:56 error: [POST] /bookings/range >> StatusCode:: 404, Message:: no booking between 2024-04-05 and 2024-04-06 exist
2024-04-05 11:18:56 info: [0mPOST /bookings/range [33m404[0m 11.112 ms - 64[0m
2024-04-05 11:18:56 error: [POST] /bookings/range >> StatusCode:: 404, Message:: no booking between 2024-04-05 and 2024-04-06 exist
2024-04-05 11:18:56 info: [0mPOST /bookings/range [33m404[0m 15.348 ms - 64[0m
2024-04-05 11:18:56 error: [POST] /bookings/range >> StatusCode:: 404, Message:: no booking between 2024-04-05 and 2024-04-06 exist
2024-04-05 11:18:56 info: [0mPOST /bookings/range [33m404[0m 431.522 ms - 64[0m
2024-04-05 11:18:56 error: [POST] /bookings/range >> StatusCode:: 404, Message:: no booking between 2024-04-05 and 2024-04-06 exist
2024-04-05 11:18:56 info: [0mPOST /bookings/range [33m404[0m 19.218 ms - 64[0m
2024-04-05 11:18:56 error: [POST] /bookings/range >> StatusCode:: 404, Message:: no booking between 2024-04-05 and 2024-04-06 exist
2024-04-05 11:18:56 info: [0mPOST /bookings/range [33m404[0m 19.662 ms - 64[0m
2024-04-05 11:18:56 error: [POST] /bookings/range >> StatusCode:: 404, Message:: no booking between 2024-04-05 and 2024-04-06 exist
2024-04-05 11:18:56 info: [0mPOST /bookings/range [33m404[0m 19.857 ms - 64[0m
2024-04-05 11:18:56 error: [POST] /bookings/range >> StatusCode:: 404, Message:: no booking between 2024-04-05 and 2024-04-06 exist
2024-04-05 11:18:56 info: [0mPOST /bookings/range [33m404[0m 20.861 ms - 64[0m
2024-04-05 11:18:56 error: [POST] /bookings/range >> StatusCode:: 404, Message:: no booking between 2024-04-05 and 2024-04-06 exist
2024-04-05 11:18:56 info: [0mPOST /bookings/range [33m404[0m 408.570 ms - 64[0m
2024-04-05 11:18:56 error: [POST] /bookings/range >> StatusCode:: 404, Message:: no booking between 2024-04-05 and 2024-04-06 exist
2024-04-05 11:18:56 info: [0mPOST /bookings/range [33m404[0m 20.354 ms - 64[0m
2024-04-05 11:18:56 error: [POST] /bookings/range >> StatusCode:: 404, Message:: no booking between 2024-04-05 and 2024-04-06 exist
2024-04-05 11:18:56 info: [0mPOST /bookings/range [33m404[0m 19.105 ms - 64[0m
2024-04-05 11:18:56 error: [POST] /bookings/range >> StatusCode:: 404, Message:: no booking between 2024-04-05 and 2024-04-06 exist
2024-04-05 11:18:56 info: [0mPOST /bookings/range [33m404[0m 20.335 ms - 64[0m
2024-04-05 11:18:56 error: [POST] /bookings/range >> StatusCode:: 404, Message:: no booking between 2024-04-05 and 2024-04-06 exist
2024-04-05 11:18:56 info: [0mPOST /bookings/range [33m404[0m 437.857 ms - 64[0m
2024-04-05 11:18:56 info: [0mOPTIONS /bookings/range [32m204[0m 0.309 ms - 0[0m
2024-04-05 11:18:56 error: [POST] /bookings/range >> StatusCode:: 404, Message:: no booking between 2024-04-05 and 2024-04-06 exist
2024-04-05 11:18:56 info: [0mPOST /bookings/range [33m404[0m 40.748 ms - 64[0m
2024-04-05 11:18:56 info: [0mOPTIONS /bookings/range [32m204[0m 0.223 ms - 0[0m
2024-04-05 11:18:56 error: [POST] /bookings/range >> StatusCode:: 404, Message:: no booking between 2024-04-05 and 2024-04-06 exist
2024-04-05 11:18:56 info: [0mPOST /bookings/range [33m404[0m 461.419 ms - 64[0m
2024-04-05 11:18:56 error: [POST] /bookings/range >> StatusCode:: 404, Message:: no booking between 2024-04-05 and 2024-04-06 exist
2024-04-05 11:18:56 info: [0mPOST /bookings/range [33m404[0m 29.271 ms - 64[0m
2024-04-05 11:18:56 error: [POST] /bookings/range >> StatusCode:: 404, Message:: no booking between 2024-04-05 and 2024-04-06 exist
2024-04-05 11:18:56 info: [0mPOST /bookings/range [33m404[0m 29.169 ms - 64[0m
2024-04-05 11:18:56 error: [POST] /bookings/range >> StatusCode:: 404, Message:: no booking between 2024-04-05 and 2024-04-06 exist
2024-04-05 11:18:56 info: [0mPOST /bookings/range [33m404[0m 7.719 ms - 64[0m
2024-04-05 11:18:56 error: [POST] /bookings/range >> StatusCode:: 404, Message:: no booking between 2024-04-05 and 2024-04-06 exist
2024-04-05 11:18:56 info: [0mPOST /bookings/range [33m404[0m 12.104 ms - 64[0m
2024-04-05 11:19:03 info: [0mPOST /seed [32m200[0m 775.964 ms - -[0m
2024-04-05 11:20:00 info: [0mOPTIONS /rooms/find-room [32m204[0m 0.326 ms - 0[0m
2024-04-05 11:20:01 info: [0mPOST /rooms/find-room [32m200[0m 178.932 ms - 740[0m
2024-04-05 11:20:02 info: [0mPOST /rooms/find-room [32m200[0m 4.740 ms - 732[0m
2024-04-05 11:20:03 info: [0mPOST /rooms/find-room [32m200[0m 3.353 ms - 732[0m
2024-04-05 11:20:04 info: [0mPOST /rooms/find-room [32m200[0m 2.802 ms - 733[0m
2024-04-05 11:20:05 info: [0mPOST /rooms/find-room [32m200[0m 3.551 ms - 733[0m
2024-04-05 11:20:19 info: [0mOPTIONS /rooms/find-room [32m204[0m 0.340 ms - 0[0m
2024-04-05 11:20:20 info: [0mGET /rooms [32m200[0m 176.042 ms - -[0m
2024-04-05 11:20:20 info: [0mGET /rooms [32m200[0m 179.136 ms - -[0m
2024-04-05 11:20:20 info: [0mPOST /rooms/find-room [32m200[0m 190.490 ms - 741[0m
2024-04-05 11:20:20 info: [0mPOST /rooms/find-room [32m200[0m 219.226 ms - 741[0m
2024-04-05 11:20:21 info: [0mOPTIONS /bookings/range [32m204[0m 0.347 ms - 0[0m
2024-04-05 11:20:21 info: [0mOPTIONS /bookings/range [32m204[0m 0.393 ms - 0[0m
2024-04-05 11:20:21 info: [0mOPTIONS /bookings/range [32m204[0m 0.325 ms - 0[0m
2024-04-05 11:20:21 info: [0mOPTIONS /bookings/range [32m204[0m 0.706 ms - 0[0m
2024-04-05 11:20:21 info: [0mOPTIONS /bookings/range [32m204[0m 0.269 ms - 0[0m
2024-04-05 11:20:21 info: [0mOPTIONS /bookings/range [32m204[0m 0.343 ms - 0[0m
2024-04-05 11:20:21 info: [0mOPTIONS /bookings/range [32m204[0m 0.587 ms - 0[0m
2024-04-05 11:20:21 info: [0mOPTIONS /bookings/range [32m204[0m 0.261 ms - 0[0m
2024-04-05 11:20:21 info: [0mOPTIONS /bookings/range [32m204[0m 0.726 ms - 0[0m
2024-04-05 11:20:21 info: [0mOPTIONS /bookings/range [32m204[0m 0.491 ms - 0[0m
2024-04-05 11:20:21 info: [0mOPTIONS /bookings/range [32m204[0m 0.265 ms - 0[0m
2024-04-05 11:20:21 info: [0mPOST /bookings/range [32m200[0m 62.368 ms - 419[0m
2024-04-05 11:20:21 info: [0mPOST /bookings/range [32m200[0m 44.993 ms - 419[0m
2024-04-05 11:20:21 info: [0mPOST /bookings/range [32m200[0m 37.810 ms - 419[0m
2024-04-05 11:20:21 info: [0mPOST /bookings/range [32m200[0m 34.704 ms - 419[0m
2024-04-05 11:20:21 info: [0mPOST /bookings/range [32m200[0m 25.372 ms - 419[0m
2024-04-05 11:20:21 info: [0mPOST /bookings/range [32m200[0m 35.151 ms - 419[0m
2024-04-05 11:20:21 info: [0mPOST /bookings/range [32m200[0m 36.282 ms - 419[0m
2024-04-05 11:20:21 info: [0mPOST /bookings/range [32m200[0m 38.403 ms - 419[0m
2024-04-05 11:20:21 info: [0mPOST /bookings/range [32m200[0m 27.107 ms - 419[0m
2024-04-05 11:20:21 info: [0mOPTIONS /bookings/range [32m204[0m 0.264 ms - 0[0m
2024-04-05 11:20:21 info: [0mOPTIONS /bookings/range [32m204[0m 1.931 ms - 0[0m
2024-04-05 11:20:21 info: [0mOPTIONS /bookings/range [32m204[0m 0.144 ms - 0[0m
2024-04-05 11:20:21 info: [0mPOST /bookings/range [32m200[0m 32.591 ms - 419[0m
2024-04-05 11:20:21 info: [0mOPTIONS /bookings/range [32m204[0m 0.442 ms - 0[0m
2024-04-05 11:20:21 info: [0mOPTIONS /bookings/range [32m204[0m 0.163 ms - 0[0m
2024-04-05 11:20:21 info: [0mOPTIONS /bookings/range [32m204[0m 0.169 ms - 0[0m
2024-04-05 11:20:21 info: [0mPOST /bookings/range [32m200[0m 44.263 ms - 419[0m
2024-04-05 11:20:21 info: [0mPOST /bookings/range [32m200[0m 34.100 ms - 419[0m
2024-04-05 11:20:21 info: [0mPOST /bookings/range [32m200[0m 34.646 ms - 419[0m
2024-04-05 11:20:21 info: [0mPOST /bookings/range [32m200[0m 41.432 ms - 419[0m
2024-04-05 11:20:22 info: [0mPOST /bookings/range [32m200[0m 49.896 ms - 419[0m
2024-04-05 11:20:22 info: [0mOPTIONS /bookings/range [32m204[0m 0.364 ms - 0[0m
2024-04-05 11:20:22 info: [0mOPTIONS /bookings/range [32m204[0m 0.201 ms - 0[0m
2024-04-05 11:20:22 info: [0mOPTIONS /bookings/range [32m204[0m 0.232 ms - 0[0m
2024-04-05 11:20:22 info: [0mOPTIONS /bookings/range [32m204[0m 0.207 ms - 0[0m
2024-04-05 11:20:22 info: [0mPOST /bookings/range [32m200[0m 46.938 ms - 419[0m
2024-04-05 11:20:22 info: [0mOPTIONS /bookings/range [32m204[0m 0.252 ms - 0[0m
2024-04-05 11:20:22 info: [0mPOST /bookings/range [32m200[0m 17.305 ms - 419[0m
2024-04-05 11:20:22 info: [0mPOST /bookings/range [32m200[0m 22.048 ms - 419[0m
2024-04-05 11:20:22 info: [0mOPTIONS /bookings/range [32m204[0m 0.274 ms - 0[0m
2024-04-05 11:20:22 info: [0mOPTIONS /bookings/range [32m204[0m 0.320 ms - 0[0m
2024-04-05 11:20:22 info: [0mPOST /bookings/range [32m200[0m 36.630 ms - 419[0m
2024-04-05 11:20:22 info: [0mOPTIONS /bookings/range [32m204[0m 2.362 ms - 0[0m
2024-04-05 11:20:22 info: [0mOPTIONS /bookings/range [32m204[0m 0.206 ms - 0[0m
2024-04-05 11:20:22 info: [0mPOST /bookings/range [32m200[0m 21.373 ms - 419[0m
2024-04-05 11:20:22 info: [0mPOST /bookings/range [32m200[0m 23.258 ms - 419[0m
2024-04-05 11:20:22 info: [0mPOST /bookings/range [32m200[0m 24.319 ms - 419[0m
2024-04-05 11:20:22 info: [0mPOST /bookings/range [32m200[0m 19.955 ms - 419[0m
2024-04-05 11:20:22 info: [0mPOST /bookings/range [32m200[0m 26.327 ms - 419[0m
2024-04-05 11:20:22 info: [0mOPTIONS /bookings/range [32m204[0m 0.156 ms - 0[0m
2024-04-05 11:20:22 info: [0mOPTIONS /bookings/range [32m204[0m 0.190 ms - 0[0m
2024-04-05 11:20:22 info: [0mOPTIONS /bookings/range [32m204[0m 0.233 ms - 0[0m
2024-04-05 11:20:22 info: [0mOPTIONS /bookings/range [32m204[0m 0.191 ms - 0[0m
2024-04-05 11:20:22 info: [0mOPTIONS /bookings/range [32m204[0m 0.184 ms - 0[0m
2024-04-05 11:20:22 info: [0mPOST /bookings/range [32m200[0m 29.664 ms - 419[0m
2024-04-05 11:20:22 info: [0mOPTIONS /bookings/range [32m204[0m 0.183 ms - 0[0m
2024-04-05 11:20:22 info: [0mPOST /bookings/range [32m200[0m 20.543 ms - 419[0m
2024-04-05 11:20:22 info: [0mPOST /bookings/range [32m200[0m 22.905 ms - 419[0m
2024-04-05 11:20:22 info: [0mPOST /bookings/range [32m200[0m 18.264 ms - 419[0m
2024-04-05 11:20:22 info: [0mPOST /bookings/range [32m200[0m 19.918 ms - 419[0m
2024-04-05 11:20:22 info: [0mOPTIONS /bookings/range [32m204[0m 0.259 ms - 0[0m
2024-04-05 11:20:22 info: [0mPOST /bookings/range [32m200[0m 21.397 ms - 419[0m
2024-04-05 11:20:22 info: [0mPOST /bookings/range [32m200[0m 24.611 ms - 419[0m
2024-04-05 11:20:22 info: [0mPOST /bookings/range [32m200[0m 378.056 ms - 419[0m
2024-04-05 11:20:22 info: [0mOPTIONS /bookings/range [32m204[0m 0.167 ms - 0[0m
2024-04-05 11:20:22 info: [0mPOST /bookings/range [32m200[0m 11.008 ms - 419[0m
2024-04-05 11:20:22 info: [0mPOST /bookings/range [32m200[0m 12.623 ms - 419[0m
2024-04-05 11:20:33 info: [0mOPTIONS /rooms/find-room [32m204[0m 0.418 ms - 0[0m
2024-04-05 11:20:34 info: [0mGET /rooms [32m200[0m 197.477 ms - -[0m
2024-04-05 11:20:34 info: [0mGET /rooms [32m200[0m 184.947 ms - -[0m
2024-04-05 11:20:34 info: [0mPOST /rooms/find-room [32m200[0m 204.745 ms - 741[0m
2024-04-05 11:20:34 info: [0mPOST /rooms/find-room [32m200[0m 208.261 ms - 741[0m
2024-04-05 11:20:37 info: [0mOPTIONS /bookings/range [32m204[0m 0.240 ms - 0[0m
2024-04-05 11:20:37 info: [0mOPTIONS /bookings/range [32m204[0m 0.255 ms - 0[0m
2024-04-05 11:20:37 info: [0mOPTIONS /bookings/range [32m204[0m 0.215 ms - 0[0m
2024-04-05 11:20:37 info: [0mOPTIONS /bookings/range [32m204[0m 0.204 ms - 0[0m
2024-04-05 11:20:37 info: [0mOPTIONS /bookings/range [32m204[0m 0.328 ms - 0[0m
2024-04-05 11:20:37 info: [0mOPTIONS /bookings/range [32m204[0m 0.253 ms - 0[0m
2024-04-05 11:20:37 info: [0mOPTIONS /bookings/range [32m204[0m 0.285 ms - 0[0m
2024-04-05 11:20:37 info: [0mOPTIONS /bookings/range [32m204[0m 0.267 ms - 0[0m
2024-04-05 11:20:37 info: [0mOPTIONS /bookings/range [32m204[0m 0.219 ms - 0[0m
2024-04-05 11:20:37 info: [0mOPTIONS /bookings/range [32m204[0m 0.275 ms - 0[0m
2024-04-05 11:20:37 info: [0mOPTIONS /bookings/range [32m204[0m 0.309 ms - 0[0m
2024-04-05 11:20:37 info: [0mOPTIONS /bookings/range [32m204[0m 0.234 ms - 0[0m
2024-04-05 11:20:37 info: [0mOPTIONS /bookings/range [32m204[0m 0.301 ms - 0[0m
2024-04-05 11:20:37 info: [0mPOST /bookings/range [32m200[0m 71.001 ms - 230[0m
2024-04-05 11:20:37 info: [0mPOST /bookings/range [32m200[0m 93.036 ms - 230[0m
2024-04-05 11:20:37 info: [0mPOST /bookings/range [32m200[0m 95.609 ms - 230[0m
2024-04-05 11:20:37 info: [0mPOST /bookings/range [32m200[0m 111.994 ms - 230[0m
2024-04-05 11:20:37 info: [0mPOST /bookings/range [32m200[0m 61.386 ms - 230[0m
2024-04-05 11:20:37 info: [0mPOST /bookings/range [32m200[0m 48.891 ms - 230[0m
2024-04-05 11:20:37 info: [0mPOST /bookings/range [32m200[0m 36.568 ms - 230[0m
2024-04-05 11:20:37 info: [0mPOST /bookings/range [32m200[0m 39.678 ms - 230[0m
2024-04-05 11:20:37 info: [0mOPTIONS /bookings/range [32m204[0m 0.252 ms - 0[0m
2024-04-05 11:20:37 info: [0mOPTIONS /bookings/range [32m204[0m 0.226 ms - 0[0m
2024-04-05 11:20:37 info: [0mPOST /bookings/range [32m200[0m 22.168 ms - 230[0m
2024-04-05 11:20:37 info: [0mPOST /bookings/range [32m200[0m 26.477 ms - 230[0m
2024-04-05 11:20:37 info: [0mPOST /bookings/range [32m200[0m 26.344 ms - 230[0m
2024-04-05 11:20:37 info: [0mPOST /bookings/range [32m200[0m 18.214 ms - 230[0m
2024-04-05 11:20:37 info: [0mOPTIONS /bookings/range [32m204[0m 0.116 ms - 0[0m
2024-04-05 11:20:37 info: [0mOPTIONS /bookings/range [32m204[0m 0.373 ms - 0[0m
2024-04-05 11:20:37 info: [0mOPTIONS /bookings/range [32m204[0m 0.163 ms - 0[0m
2024-04-05 11:20:37 info: [0mOPTIONS /bookings/range [32m204[0m 0.169 ms - 0[0m
2024-04-05 11:20:37 info: [0mPOST /bookings/range [32m200[0m 21.447 ms - 230[0m
2024-04-05 11:20:37 info: [0mPOST /bookings/range [32m200[0m 13.873 ms - 230[0m
2024-04-05 11:20:37 info: [0mPOST /bookings/range [32m200[0m 17.488 ms - 230[0m
2024-04-05 11:20:37 info: [0mOPTIONS /bookings/range [32m204[0m 0.216 ms - 0[0m
2024-04-05 11:20:37 info: [0mOPTIONS /bookings/range [32m204[0m 0.139 ms - 0[0m
2024-04-05 11:20:37 info: [0mPOST /bookings/range [32m200[0m 17.958 ms - 230[0m
2024-04-05 11:20:37 info: [0mOPTIONS /bookings/range [32m204[0m 0.212 ms - 0[0m
2024-04-05 11:20:37 info: [0mPOST /bookings/range [32m200[0m 15.780 ms - 230[0m
2024-04-05 11:20:37 info: [0mOPTIONS /bookings/range [32m204[0m 0.325 ms - 0[0m
2024-04-05 11:20:37 info: [0mOPTIONS /bookings/range [32m204[0m 0.327 ms - 0[0m
2024-04-05 11:20:37 info: [0mPOST /bookings/range [32m200[0m 19.121 ms - 230[0m
2024-04-05 11:20:37 info: [0mPOST /bookings/range [32m200[0m 10.026 ms - 230[0m
2024-04-05 11:20:37 info: [0mPOST /bookings/range [32m200[0m 15.064 ms - 230[0m
2024-04-05 11:20:37 info: [0mPOST /bookings/range [32m200[0m 14.954 ms - 230[0m
2024-04-05 11:20:37 info: [0mOPTIONS /bookings/range [32m204[0m 0.145 ms - 0[0m
2024-04-05 11:20:37 info: [0mPOST /bookings/range [32m200[0m 17.242 ms - 230[0m
2024-04-05 11:20:37 info: [0mOPTIONS /bookings/range [32m204[0m 0.207 ms - 0[0m
2024-04-05 11:20:37 info: [0mOPTIONS /bookings/range [32m204[0m 0.138 ms - 0[0m
2024-04-05 11:20:37 info: [0mOPTIONS /bookings/range [32m204[0m 0.280 ms - 0[0m
2024-04-05 11:20:37 info: [0mOPTIONS /bookings/range [32m204[0m 0.183 ms - 0[0m
2024-04-05 11:20:37 info: [0mOPTIONS /bookings/range [32m204[0m 0.148 ms - 0[0m
2024-04-05 11:20:37 info: [0mPOST /bookings/range [32m200[0m 15.847 ms - 230[0m
2024-04-05 11:20:37 info: [0mPOST /bookings/range [32m200[0m 15.961 ms - 230[0m
2024-04-05 11:20:37 info: [0mPOST /bookings/range [32m200[0m 16.269 ms - 230[0m
2024-04-05 11:20:37 info: [0mPOST /bookings/range [32m200[0m 17.250 ms - 230[0m
2024-04-05 11:20:37 info: [0mOPTIONS /bookings/range [32m204[0m 0.312 ms - 0[0m
2024-04-05 11:20:37 info: [0mPOST /bookings/range [32m200[0m 16.072 ms - 230[0m
2024-04-05 11:20:37 info: [0mOPTIONS /bookings/range [32m204[0m 0.200 ms - 0[0m
2024-04-05 11:20:37 info: [0mOPTIONS /bookings/range [32m204[0m 0.225 ms - 0[0m
2024-04-05 11:20:37 info: [0mOPTIONS /bookings/range [32m204[0m 0.269 ms - 0[0m
2024-04-05 11:20:37 info: [0mPOST /bookings/range [32m200[0m 402.530 ms - 230[0m
2024-04-05 11:20:37 info: [0mPOST /bookings/range [32m200[0m 394.833 ms - 230[0m
2024-04-05 11:20:37 info: [0mPOST /bookings/range [32m200[0m 30.542 ms - 230[0m
2024-04-05 11:20:37 info: [0mPOST /bookings/range [32m200[0m 24.049 ms - 230[0m
2024-04-05 11:20:37 info: [0mPOST /bookings/range [32m200[0m 12.771 ms - 230[0m
2024-04-05 11:20:37 info: [0mPOST /bookings/range [32m200[0m 13.706 ms - 230[0m
2024-04-05 11:20:37 info: [0mPOST /bookings/range [32m200[0m 8.442 ms - 230[0m
2024-04-05 11:20:40 info: [0mOPTIONS /rooms/find-room [32m204[0m 0.243 ms - 0[0m
2024-04-05 11:20:40 info: [0mPOST /rooms/find-room [32m200[0m 4.780 ms - 734[0m
2024-04-05 11:36:56 info: =================================
2024-04-05 11:36:56 info: ======= ENV: development =======
2024-04-05 11:36:56 info: 🚀 App listening on the port 3000
2024-04-05 11:36:56 info: =================================
2024-04-05 11:37:06 info: =================================
2024-04-05 11:37:06 info: ======= ENV: development =======
2024-04-05 11:37:06 info: 🚀 App listening on the port 3000
2024-04-05 11:37:06 info: =================================
2024-04-05 11:45:26 info: [0mOPTIONS /rooms/find-room [32m204[0m 2.333 ms - 0[0m
2024-04-05 11:45:27 info: [0mOPTIONS /rooms/find-room [32m204[0m 0.662 ms - 0[0m
2024-04-05 11:45:27 info: [0mGET /rooms [32m200[0m 882.565 ms - -[0m
2024-04-05 11:45:27 info: [0mPOST /rooms/find-room [32m200[0m 824.735 ms - 741[0m
2024-04-05 11:45:27 info: [0mGET /rooms [32m200[0m 288.793 ms - -[0m
2024-04-05 11:45:27 info: [0mPOST /rooms/find-room [32m200[0m 281.806 ms - 741[0m
2024-04-05 11:45:27 info: [0mOPTIONS /bookings/range [32m204[0m 0.297 ms - 0[0m
2024-04-05 11:45:27 info: [0mOPTIONS /bookings/range [32m204[0m 0.245 ms - 0[0m
2024-04-05 11:45:27 info: [0mOPTIONS /bookings/range [32m204[0m 0.250 ms - 0[0m
2024-04-05 11:45:27 info: [0mOPTIONS /bookings/range [32m204[0m 0.305 ms - 0[0m
2024-04-05 11:45:27 info: [0mOPTIONS /bookings/range [32m204[0m 0.382 ms - 0[0m
2024-04-05 11:45:27 info: [0mOPTIONS /bookings/range [32m204[0m 0.989 ms - 0[0m
2024-04-05 11:45:27 info: [0mOPTIONS /bookings/range [32m204[0m 0.613 ms - 0[0m
2024-04-05 11:45:27 info: [0mPOST /bookings/range [32m200[0m 87.130 ms - 230[0m
2024-04-05 11:45:27 info: [0mPOST /bookings/range [32m200[0m 85.109 ms - 230[0m
2024-04-05 11:45:27 info: [0mPOST /bookings/range [32m200[0m 82.327 ms - 230[0m
2024-04-05 11:45:27 info: [0mPOST /bookings/range [32m200[0m 86.097 ms - 230[0m
2024-04-05 11:45:27 info: [0mPOST /bookings/range [32m200[0m 28.339 ms - 230[0m
2024-04-05 11:45:27 info: [0mOPTIONS /bookings/range [32m204[0m 0.198 ms - 0[0m
2024-04-05 11:45:27 info: [0mOPTIONS /bookings/range [32m204[0m 0.202 ms - 0[0m
2024-04-05 11:45:27 info: [0mOPTIONS /bookings/range [32m204[0m 4.739 ms - 0[0m
2024-04-05 11:45:27 info: [0mPOST /bookings/range [32m200[0m 36.651 ms - 230[0m
2024-04-05 11:45:27 info: [0mOPTIONS /bookings/range [32m204[0m 0.523 ms - 0[0m
2024-04-05 11:45:27 info: [0mOPTIONS /bookings/range [32m204[0m 0.507 ms - 0[0m
2024-04-05 11:45:27 info: [0mOPTIONS /bookings/range [32m204[0m 0.149 ms - 0[0m
2024-04-05 11:45:27 info: [0mPOST /bookings/range [32m200[0m 35.029 ms - 230[0m
2024-04-05 11:45:27 info: [0mPOST /bookings/range [32m200[0m 38.790 ms - 230[0m
2024-04-05 11:45:27 info: [0mPOST /bookings/range [32m200[0m 44.843 ms - 230[0m
2024-04-05 11:45:27 info: [0mPOST /bookings/range [32m200[0m 42.652 ms - 230[0m
2024-04-05 11:45:27 info: [0mOPTIONS /bookings/range [32m204[0m 0.207 ms - 0[0m
2024-04-05 11:45:27 info: [0mOPTIONS /bookings/range [32m204[0m 0.225 ms - 0[0m
2024-04-05 11:45:27 info: [0mPOST /bookings/range [32m200[0m 40.785 ms - 230[0m
2024-04-05 11:45:27 info: [0mOPTIONS /bookings/range [32m204[0m 0.195 ms - 0[0m
2024-04-05 11:45:27 info: [0mOPTIONS /bookings/range [32m204[0m 0.194 ms - 0[0m
2024-04-05 11:45:27 info: [0mPOST /bookings/range [32m200[0m 42.990 ms - 230[0m
2024-04-05 11:45:27 info: [0mOPTIONS /bookings/range [32m204[0m 0.220 ms - 0[0m
2024-04-05 11:45:27 info: [0mOPTIONS /bookings/range [32m204[0m 0.221 ms - 0[0m
2024-04-05 11:45:27 info: [0mPOST /bookings/range [32m200[0m 49.284 ms - 230[0m
2024-04-05 11:45:27 info: [0mPOST /bookings/range [32m200[0m 29.913 ms - 230[0m
2024-04-05 11:45:27 info: [0mPOST /bookings/range [32m200[0m 27.654 ms - 230[0m
2024-04-05 11:45:27 info: [0mPOST /bookings/range [32m200[0m 27.792 ms - 230[0m
2024-04-05 11:45:27 info: [0mPOST /bookings/range [32m200[0m 26.129 ms - 230[0m
2024-04-05 11:45:27 info: [0mOPTIONS /bookings/range [32m204[0m 0.172 ms - 0[0m
2024-04-05 11:45:27 info: [0mOPTIONS /bookings/range [32m204[0m 2.640 ms - 0[0m
2024-04-05 11:45:27 info: [0mOPTIONS /bookings/range [32m204[0m 0.202 ms - 0[0m
2024-04-05 11:45:27 info: [0mPOST /bookings/range [32m200[0m 57.007 ms - 230[0m
2024-04-05 11:45:27 info: [0mOPTIONS /bookings/range [32m204[0m 0.242 ms - 0[0m
2024-04-05 11:45:27 info: [0mOPTIONS /bookings/range [32m204[0m 0.229 ms - 0[0m
2024-04-05 11:45:27 info: [0mOPTIONS /bookings/range [32m204[0m 0.236 ms - 0[0m
2024-04-05 11:45:27 info: [0mOPTIONS /bookings/range [32m204[0m 0.241 ms - 0[0m
2024-04-05 11:45:27 info: [0mPOST /bookings/range [32m200[0m 60.839 ms - 230[0m
2024-04-05 11:45:27 info: [0mPOST /bookings/range [32m200[0m 26.590 ms - 230[0m
2024-04-05 11:45:27 info: [0mPOST /bookings/range [32m200[0m 26.094 ms - 230[0m
2024-04-05 11:45:27 info: [0mPOST /bookings/range [32m200[0m 22.364 ms - 230[0m
2024-04-05 11:45:27 info: [0mPOST /bookings/range [32m200[0m 27.701 ms - 230[0m
2024-04-05 11:45:27 info: [0mOPTIONS /bookings/range [32m204[0m 0.209 ms - 0[0m
2024-04-05 11:45:27 info: [0mOPTIONS /bookings/range [32m204[0m 0.240 ms - 0[0m
2024-04-05 11:45:27 info: [0mOPTIONS /bookings/range [32m204[0m 0.190 ms - 0[0m
2024-04-05 11:45:27 info: [0mPOST /bookings/range [32m200[0m 27.888 ms - 230[0m
2024-04-05 11:45:27 info: [0mOPTIONS /bookings/range [32m204[0m 0.299 ms - 0[0m
2024-04-05 11:45:27 info: [0mPOST /bookings/range [32m200[0m 22.553 ms - 230[0m
2024-04-05 11:45:27 info: [0mOPTIONS /bookings/range [32m204[0m 0.137 ms - 0[0m
2024-04-05 11:45:27 info: [0mOPTIONS /bookings/range [32m204[0m 0.167 ms - 0[0m
2024-04-05 11:45:27 info: [0mPOST /bookings/range [32m200[0m 33.667 ms - 230[0m
2024-04-05 11:45:27 info: [0mPOST /bookings/range [32m200[0m 457.026 ms - 230[0m
2024-04-05 11:45:27 info: [0mPOST /bookings/range [32m200[0m 28.558 ms - 230[0m
2024-04-05 11:45:27 info: [0mPOST /bookings/range [32m200[0m 28.049 ms - 230[0m
2024-04-05 11:45:27 info: [0mPOST /bookings/range [32m200[0m 22.548 ms - 230[0m
2024-04-05 11:45:27 info: [0mPOST /bookings/range [32m200[0m 22.924 ms - 230[0m
2024-04-05 11:45:27 info: [0mOPTIONS /bookings/range [32m204[0m 0.307 ms - 0[0m
2024-04-05 11:45:27 info: [0mOPTIONS /bookings/range [32m204[0m 0.157 ms - 0[0m
2024-04-05 11:45:27 info: [0mPOST /bookings/range [32m200[0m 20.907 ms - 230[0m
2024-04-05 11:45:27 info: [0mPOST /bookings/range [32m200[0m 16.017 ms - 230[0m
2024-04-05 11:45:27 info: [0mPOST /bookings/range [32m200[0m 13.617 ms - 230[0m
2024-04-05 11:45:29 info: [0mPOST /rooms/find-room [32m200[0m 20.599 ms - 730[0m
2024-04-05 11:46:26 info: [0mOPTIONS /rooms/find-room [32m204[0m 0.376 ms - 0[0m
2024-04-05 11:46:26 info: [0mPOST /rooms/find-room [32m200[0m 97.904 ms - 730[0m
2024-04-05 11:46:29 info: [0mPOST /rooms/find-room [32m200[0m 7.157 ms - 730[0m
2024-04-05 11:46:35 info: [0mOPTIONS /rooms/find-room [32m204[0m 0.595 ms - 0[0m
2024-04-05 11:46:35 info: [0mPOST /rooms/find-room [32m200[0m 4.772 ms - 730[0m
2024-04-05 11:46:38 info: [0mPOST /rooms/find-room [32m200[0m 5.740 ms - 730[0m
2024-04-05 11:46:39 info: [0mPOST /rooms/find-room [32m200[0m 3.340 ms - 730[0m
2024-04-05 11:47:10 info: [0mOPTIONS /rooms/find-room [32m204[0m 0.477 ms - 0[0m
2024-04-05 11:47:10 info: [0mPOST /rooms/find-room [32m200[0m 137.911 ms - 730[0m
2024-04-05 11:47:16 info: [0mOPTIONS /rooms/find-room [32m204[0m 0.173 ms - 0[0m
2024-04-05 11:47:16 info: [0mPOST /rooms/find-room [32m200[0m 5.300 ms - 741[0m
2024-04-05 11:47:16 info: [0mGET /rooms [36m304[0m 14.881 ms - -[0m
2024-04-05 11:47:16 info: [0mGET /rooms [36m304[0m 5.023 ms - -[0m
2024-04-05 11:47:16 info: [0mPOST /rooms/find-room [32m200[0m 178.745 ms - 741[0m
2024-04-05 11:47:16 info: [0mOPTIONS /bookings/range [32m204[0m 0.320 ms - 0[0m
2024-04-05 11:47:16 info: [0mOPTIONS /bookings/range [32m204[0m 0.244 ms - 0[0m
2024-04-05 11:47:16 info: [0mOPTIONS /bookings/range [32m204[0m 0.285 ms - 0[0m
2024-04-05 11:47:16 info: [0mOPTIONS /bookings/range [32m204[0m 0.227 ms - 0[0m
2024-04-05 11:47:16 info: [0mOPTIONS /bookings/range [32m204[0m 0.219 ms - 0[0m
2024-04-05 11:47:16 info: [0mOPTIONS /bookings/range [32m204[0m 0.214 ms - 0[0m
2024-04-05 11:47:16 info: [0mOPTIONS /bookings/range [32m204[0m 0.335 ms - 0[0m
2024-04-05 11:47:16 info: [0mOPTIONS /bookings/range [32m204[0m 0.232 ms - 0[0m
2024-04-05 11:47:16 info: [0mOPTIONS /bookings/range [32m204[0m 0.243 ms - 0[0m
2024-04-05 11:47:16 info: [0mOPTIONS /bookings/range [32m204[0m 0.226 ms - 0[0m
2024-04-05 11:47:16 info: [0mOPTIONS /bookings/range [32m204[0m 0.210 ms - 0[0m
2024-04-05 11:47:16 info: [0mOPTIONS /bookings/range [32m204[0m 0.208 ms - 0[0m
2024-04-05 11:47:16 info: [0mPOST /bookings/range [32m200[0m 50.295 ms - 230[0m
2024-04-05 11:47:16 info: [0mPOST /bookings/range [32m200[0m 62.814 ms - 230[0m
2024-04-05 11:47:17 info: [0mPOST /bookings/range [32m200[0m 16.649 ms - 230[0m
2024-04-05 11:47:17 info: [0mPOST /bookings/range [32m200[0m 50.526 ms - 230[0m
2024-04-05 11:47:17 info: [0mPOST /bookings/range [32m200[0m 39.542 ms - 230[0m
2024-04-05 11:47:17 info: [0mPOST /bookings/range [32m200[0m 52.635 ms - 230[0m
2024-04-05 11:47:17 info: [0mPOST /bookings/range [32m200[0m 15.306 ms - 230[0m
2024-04-05 11:47:17 info: [0mPOST /bookings/range [32m200[0m 68.628 ms - 230[0m
2024-04-05 11:47:17 info: [0mOPTIONS /bookings/range [32m204[0m 0.260 ms - 0[0m
2024-04-05 11:47:17 info: [0mOPTIONS /bookings/range [32m204[0m 0.412 ms - 0[0m
2024-04-05 11:47:17 info: [0mOPTIONS /bookings/range [32m204[0m 0.127 ms - 0[0m
2024-04-05 11:47:17 info: [0mOPTIONS /bookings/range [32m204[0m 0.273 ms - 0[0m
2024-04-05 11:47:17 info: [0mPOST /bookings/range [32m200[0m 14.547 ms - 230[0m
2024-04-05 11:47:17 info: [0mPOST /bookings/range [32m200[0m 11.899 ms - 230[0m
2024-04-05 11:47:17 info: [0mOPTIONS /bookings/range [32m204[0m 0.205 ms - 0[0m
2024-04-05 11:47:17 info: [0mPOST /bookings/range [32m200[0m 12.495 ms - 230[0m
2024-04-05 11:47:17 info: [0mPOST /bookings/range [32m200[0m 11.928 ms - 230[0m
2024-04-05 11:47:17 info: [0mOPTIONS /bookings/range [32m204[0m 0.326 ms - 0[0m
2024-04-05 11:47:17 info: [0mOPTIONS /bookings/range [32m204[0m 0.396 ms - 0[0m
2024-04-05 11:47:17 info: [0mPOST /bookings/range [32m200[0m 30.791 ms - 230[0m
2024-04-05 11:47:17 info: [0mPOST /bookings/range [32m200[0m 27.945 ms - 230[0m
2024-04-05 11:47:17 info: [0mPOST /bookings/range [32m200[0m 423.417 ms - 230[0m
2024-04-05 11:47:17 info: [0mOPTIONS /bookings/range [32m204[0m 0.694 ms - 0[0m
2024-04-05 11:47:17 info: [0mOPTIONS /bookings/range [32m204[0m 0.281 ms - 0[0m
2024-04-05 11:47:17 info: [0mPOST /bookings/range [32m200[0m 42.918 ms - 230[0m
2024-04-05 11:47:17 info: [0mOPTIONS /bookings/range [32m204[0m 0.231 ms - 0[0m
2024-04-05 11:47:17 info: [0mOPTIONS /bookings/range [32m204[0m 0.344 ms - 0[0m
2024-04-05 11:47:17 info: [0mPOST /bookings/range [32m200[0m 32.766 ms - 230[0m
2024-04-05 11:47:17 info: [0mPOST /bookings/range [32m200[0m 480.848 ms - 230[0m
2024-04-05 11:47:17 info: [0mPOST /bookings/range [32m200[0m 481.818 ms - 230[0m
2024-04-05 11:47:17 info: [0mPOST /bookings/range [32m200[0m 28.191 ms - 230[0m
2024-04-05 11:47:17 info: [0mPOST /bookings/range [32m200[0m 27.749 ms - 230[0m
2024-04-05 11:47:17 info: [0mPOST /bookings/range [32m200[0m 518.136 ms - 230[0m
2024-04-05 11:47:17 info: [0mOPTIONS /bookings/range [32m204[0m 0.209 ms - 0[0m
2024-04-05 11:47:17 info: [0mOPTIONS /bookings/range [32m204[0m 0.225 ms - 0[0m
2024-04-05 11:47:17 info: [0mOPTIONS /bookings/range [32m204[0m 0.416 ms - 0[0m
2024-04-05 11:47:17 info: [0mOPTIONS /bookings/range [32m204[0m 0.219 ms - 0[0m
2024-04-05 11:47:17 info: [0mPOST /bookings/range [32m200[0m 32.140 ms - 230[0m
2024-04-05 11:47:17 info: [0mOPTIONS /bookings/range [32m204[0m 0.189 ms - 0[0m
2024-04-05 11:47:17 info: [0mOPTIONS /bookings/range [32m204[0m 0.239 ms - 0[0m
2024-04-05 11:47:17 info: [0mPOST /bookings/range [32m200[0m 17.459 ms - 230[0m
2024-04-05 11:47:17 info: [0mPOST /bookings/range [32m200[0m 19.192 ms - 230[0m
2024-04-05 11:47:17 info: [0mOPTIONS /bookings/range [32m204[0m 0.296 ms - 0[0m
2024-04-05 11:47:17 info: [0mOPTIONS /bookings/range [32m204[0m 0.190 ms - 0[0m
2024-04-05 11:47:17 info: [0mPOST /bookings/range [32m200[0m 29.240 ms - 230[0m
2024-04-05 11:47:17 info: [0mOPTIONS /bookings/range [32m204[0m 0.359 ms - 0[0m
2024-04-05 11:47:17 info: [0mPOST /bookings/range [32m200[0m 23.192 ms - 230[0m
2024-04-05 11:47:17 info: [0mOPTIONS /bookings/range [32m204[0m 0.273 ms - 0[0m
2024-04-05 11:47:17 info: [0mOPTIONS /bookings/range [32m204[0m 0.131 ms - 0[0m
2024-04-05 11:47:17 info: [0mPOST /bookings/range [32m200[0m 31.370 ms - 230[0m
2024-04-05 11:47:17 info: [0mPOST /bookings/range [32m200[0m 35.250 ms - 230[0m
2024-04-05 11:47:17 info: [0mPOST /bookings/range [32m200[0m 133.281 ms - 230[0m
2024-04-05 11:47:17 info: [0mPOST /bookings/range [32m200[0m 129.298 ms - 230[0m
2024-04-05 11:47:17 info: [0mPOST /bookings/range [32m200[0m 125.572 ms - 230[0m
2024-04-05 11:47:17 info: [0mPOST /bookings/range [32m200[0m 36.997 ms - 230[0m
2024-04-05 11:47:17 info: [0mPOST /bookings/range [32m200[0m 49.121 ms - 230[0m
2024-04-05 11:47:18 info: [0mGET /users/2 [32m200[0m 89.523 ms - 304[0m
2024-04-05 11:47:18 info: [0mGET /users/2 [32m200[0m 98.465 ms - 304[0m
2024-04-05 11:47:27 info: [0mOPTIONS /rooms/find-room [32m204[0m 0.265 ms - 0[0m
2024-04-05 11:47:27 info: [0mGET /rooms [32m200[0m 8.163 ms - -[0m
2024-04-05 11:47:27 info: [0mPOST /rooms/find-room [32m200[0m 10.400 ms - 741[0m
2024-04-05 11:47:27 info: [0mGET /rooms [32m200[0m 10.715 ms - -[0m
2024-04-05 11:47:27 info: [0mPOST /rooms/find-room [32m200[0m 4.833 ms - 741[0m
2024-04-05 11:47:27 info: [0mOPTIONS /bookings/range [32m204[0m 0.222 ms - 0[0m
2024-04-05 11:47:27 info: [0mPOST /bookings/range [32m200[0m 14.692 ms - 230[0m
2024-04-05 11:47:27 info: [0mPOST /bookings/range [32m200[0m 14.359 ms - 230[0m
2024-04-05 11:47:27 info: [0mOPTIONS /bookings/range [32m204[0m 0.234 ms - 0[0m
2024-04-05 11:47:27 info: [0mOPTIONS /bookings/range [32m204[0m 0.351 ms - 0[0m
2024-04-05 11:47:27 info: [0mPOST /bookings/range [32m200[0m 21.517 ms - 230[0m
2024-04-05 11:47:27 info: [0mPOST /bookings/range [32m200[0m 27.675 ms - 230[0m
2024-04-05 11:47:27 info: [0mPOST /bookings/range [32m200[0m 49.686 ms - 230[0m
2024-04-05 11:47:27 info: [0mPOST /bookings/range [32m200[0m 56.178 ms - 230[0m
2024-04-05 11:47:27 info: [0mPOST /bookings/range [32m200[0m 24.636 ms - 230[0m
2024-04-05 11:47:27 info: [0mPOST /bookings/range [32m200[0m 23.055 ms - 230[0m
2024-04-05 11:47:27 info: [0mPOST /bookings/range [32m200[0m 13.649 ms - 230[0m
2024-04-05 11:47:27 info: [0mPOST /bookings/range [32m200[0m 9.191 ms - 230[0m
2024-04-05 11:47:27 info: [0mPOST /bookings/range [32m200[0m 11.254 ms - 230[0m
2024-04-05 11:47:27 info: [0mPOST /bookings/range [32m200[0m 12.716 ms - 230[0m
2024-04-05 11:47:27 info: [0mPOST /bookings/range [32m200[0m 14.859 ms - 230[0m
2024-04-05 11:47:27 info: [0mPOST /bookings/range [32m200[0m 13.337 ms - 230[0m
2024-04-05 11:47:27 info: [0mOPTIONS /bookings/range [32m204[0m 0.254 ms - 0[0m
2024-04-05 11:47:27 info: [0mPOST /bookings/range [32m200[0m 19.560 ms - 230[0m
2024-04-05 11:47:27 info: [0mOPTIONS /bookings/range [32m204[0m 0.171 ms - 0[0m
2024-04-05 11:47:27 info: [0mPOST /bookings/range [32m200[0m 192.713 ms - 230[0m
2024-04-05 11:47:27 info: [0mPOST /bookings/range [32m200[0m 151.733 ms - 230[0m
2024-04-05 11:47:27 info: [0mPOST /bookings/range [32m200[0m 164.789 ms - 230[0m
2024-04-05 11:47:27 info: [0mPOST /bookings/range [32m200[0m 4.397 ms - 230[0m
2024-04-05 11:47:27 info: [0mPOST /bookings/range [32m200[0m 17.469 ms - 230[0m
2024-04-05 11:47:27 info: [0mPOST /bookings/range [32m200[0m 31.904 ms - 230[0m
2024-04-05 11:47:27 info: [0mPOST /bookings/range [32m200[0m 19.939 ms - 230[0m
2024-04-05 11:47:27 info: [0mPOST /bookings/range [32m200[0m 20.629 ms - 230[0m
2024-04-05 11:47:27 info: [0mPOST /bookings/range [32m200[0m 45.134 ms - 230[0m
2024-04-05 11:47:28 info: [0mPOST /bookings/range [32m200[0m 54.165 ms - 230[0m
2024-04-05 11:47:28 info: [0mPOST /bookings/range [32m200[0m 36.705 ms - 230[0m
2024-04-05 11:47:28 info: [0mPOST /bookings/range [32m200[0m 40.736 ms - 230[0m
2024-04-05 11:47:28 info: [0mPOST /bookings/range [32m200[0m 36.380 ms - 230[0m
2024-04-05 11:47:28 info: [0mPOST /bookings/range [32m200[0m 34.943 ms - 230[0m
2024-04-05 11:47:28 info: [0mPOST /bookings/range [32m200[0m 33.015 ms - 230[0m
2024-04-05 11:47:28 info: [0mPOST /bookings/range [32m200[0m 21.016 ms - 230[0m
2024-04-05 11:47:28 info: [0mPOST /bookings/range [32m200[0m 16.952 ms - 230[0m
2024-04-05 11:47:28 info: [0mPOST /bookings/range [32m200[0m 17.180 ms - 230[0m
2024-04-05 11:47:28 info: [0mPOST /bookings/range [32m200[0m 19.479 ms - 230[0m
2024-04-05 11:47:29 info: [0mGET /users/2 [32m200[0m 10.037 ms - 304[0m
2024-04-05 11:47:29 info: [0mGET /users/2 [32m200[0m 11.699 ms - 304[0m
2024-04-05 11:49:12 info: [0mGET /users/2 [36m304[0m 205.312 ms - -[0m
2024-04-05 11:49:12 info: [0mGET /users/2 [32m200[0m 232.023 ms - 304[0m
2024-04-05 11:49:42 info: [0mOPTIONS /rooms/find-room [32m204[0m 0.357 ms - 0[0m
2024-04-05 11:49:42 info: [0mGET /rooms [36m304[0m 142.230 ms - -[0m
2024-04-05 11:49:42 info: [0mPOST /rooms/find-room [32m200[0m 165.387 ms - 741[0m
2024-04-05 11:49:42 info: [0mGET /rooms [32m200[0m 168.126 ms - -[0m
2024-04-05 11:49:42 info: [0mPOST /rooms/find-room [32m200[0m 176.839 ms - 741[0m
2024-04-05 11:49:43 info: [0mOPTIONS /bookings/range [32m204[0m 0.149 ms - 0[0m
2024-04-05 11:49:43 info: [0mOPTIONS /bookings/range [32m204[0m 0.194 ms - 0[0m
2024-04-05 11:49:43 info: [0mOPTIONS /bookings/range [32m204[0m 0.165 ms - 0[0m
2024-04-05 11:49:43 info: [0mOPTIONS /bookings/range [32m204[0m 0.220 ms - 0[0m
2024-04-05 11:49:43 info: [0mOPTIONS /bookings/range [32m204[0m 0.242 ms - 0[0m
2024-04-05 11:49:43 info: [0mOPTIONS /bookings/range [32m204[0m 0.224 ms - 0[0m
2024-04-05 11:49:43 info: [0mOPTIONS /bookings/range [32m204[0m 0.209 ms - 0[0m
2024-04-05 11:49:43 info: [0mOPTIONS /bookings/range [32m204[0m 0.289 ms - 0[0m
2024-04-05 11:49:43 info: [0mPOST /bookings/range [32m200[0m 20.374 ms - 230[0m
2024-04-05 11:49:43 info: [0mPOST /bookings/range [32m200[0m 20.699 ms - 230[0m
2024-04-05 11:49:43 info: [0mPOST /bookings/range [32m200[0m 17.389 ms - 230[0m
2024-04-05 11:49:43 info: [0mOPTIONS /bookings/range [32m204[0m 0.784 ms - 0[0m
2024-04-05 11:49:43 info: [0mOPTIONS /bookings/range [32m204[0m 0.294 ms - 0[0m
2024-04-05 11:49:43 info: [0mPOST /bookings/range [32m200[0m 32.961 ms - 230[0m
2024-04-05 11:49:43 info: [0mPOST /bookings/range [32m200[0m 26.149 ms - 230[0m
2024-04-05 11:49:43 info: [0mPOST /bookings/range [32m200[0m 23.393 ms - 230[0m
2024-04-05 11:49:43 info: [0mPOST /bookings/range [32m200[0m 24.467 ms - 230[0m
2024-04-05 11:49:43 info: [0mPOST /bookings/range [32m200[0m 24.590 ms - 230[0m
2024-04-05 11:49:43 info: [0mOPTIONS /bookings/range [32m204[0m 0.291 ms - 0[0m
2024-04-05 11:49:43 info: [0mOPTIONS /bookings/range [32m204[0m 0.272 ms - 0[0m
2024-04-05 11:49:43 info: [0mOPTIONS /bookings/range [32m204[0m 0.670 ms - 0[0m
2024-04-05 11:49:43 info: [0mPOST /bookings/range [32m200[0m 34.468 ms - 230[0m
2024-04-05 11:49:43 info: [0mOPTIONS /bookings/range [32m204[0m 0.244 ms - 0[0m
2024-04-05 11:49:43 info: [0mOPTIONS /bookings/range [32m204[0m 0.267 ms - 0[0m
2024-04-05 11:49:43 info: [0mPOST /bookings/range [32m200[0m 18.514 ms - 230[0m
2024-04-05 11:49:43 info: [0mOPTIONS /bookings/range [32m204[0m 0.210 ms - 0[0m
2024-04-05 11:49:43 info: [0mOPTIONS /bookings/range [32m204[0m 0.358 ms - 0[0m
2024-04-05 11:49:43 info: [0mPOST /bookings/range [32m200[0m 90.046 ms - 230[0m
2024-04-05 11:49:43 info: [0mPOST /bookings/range [32m200[0m 123.368 ms - 230[0m
2024-04-05 11:49:43 info: [0mPOST /bookings/range [32m200[0m 88.969 ms - 230[0m
2024-04-05 11:49:43 info: [0mPOST /bookings/range [32m200[0m 51.976 ms - 230[0m
2024-04-05 11:49:43 info: [0mPOST /bookings/range [32m200[0m 44.810 ms - 230[0m
2024-04-05 11:49:43 info: [0mOPTIONS /bookings/range [32m204[0m 0.318 ms - 0[0m
2024-04-05 11:49:43 info: [0mOPTIONS /bookings/range [32m204[0m 0.408 ms - 0[0m
2024-04-05 11:49:43 info: [0mOPTIONS /bookings/range [32m204[0m 0.279 ms - 0[0m
2024-04-05 11:49:43 info: [0mPOST /bookings/range [32m200[0m 46.748 ms - 230[0m
2024-04-05 11:49:43 info: [0mOPTIONS /bookings/range [32m204[0m 0.204 ms - 0[0m
2024-04-05 11:49:43 info: [0mOPTIONS /bookings/range [32m204[0m 0.207 ms - 0[0m
2024-04-05 11:49:43 info: [0mPOST /bookings/range [32m200[0m 20.903 ms - 230[0m
2024-04-05 11:49:43 info: [0mOPTIONS /bookings/range [32m204[0m 0.182 ms - 0[0m
2024-04-05 11:49:43 info: [0mOPTIONS /bookings/range [32m204[0m 0.126 ms - 0[0m
2024-04-05 11:49:43 info: [0mPOST /bookings/range [32m200[0m 33.120 ms - 230[0m
2024-04-05 11:49:43 info: [0mPOST /bookings/range [32m200[0m 17.209 ms - 230[0m
2024-04-05 11:49:43 info: [0mPOST /bookings/range [32m200[0m 48.408 ms - 230[0m
2024-04-05 11:49:43 info: [0mPOST /bookings/range [32m200[0m 49.434 ms - 230[0m
2024-04-05 11:49:43 info: [0mPOST /bookings/range [32m200[0m 74.310 ms - 230[0m
2024-04-05 11:49:43 info: [0mOPTIONS /bookings/range [32m204[0m 0.290 ms - 0[0m
2024-04-05 11:49:43 info: [0mOPTIONS /bookings/range [32m204[0m 0.345 ms - 0[0m
2024-04-05 11:49:43 info: [0mOPTIONS /bookings/range [32m204[0m 0.213 ms - 0[0m
2024-04-05 11:49:43 info: [0mPOST /bookings/range [32m200[0m 46.233 ms - 230[0m
2024-04-05 11:49:43 info: [0mOPTIONS /bookings/range [32m204[0m 0.228 ms - 0[0m
2024-04-05 11:49:43 info: [0mOPTIONS /bookings/range [32m204[0m 0.371 ms - 0[0m
2024-04-05 11:49:43 info: [0mOPTIONS /bookings/range [32m204[0m 0.227 ms - 0[0m
2024-04-05 11:49:43 info: [0mPOST /bookings/range [32m200[0m 23.470 ms - 230[0m
2024-04-05 11:49:43 info: [0mPOST /bookings/range [32m200[0m 19.367 ms - 230[0m
2024-04-05 11:49:43 info: [0mPOST /bookings/range [32m200[0m 16.885 ms - 230[0m
2024-04-05 11:49:43 info: [0mPOST /bookings/range [32m200[0m 17.257 ms - 230[0m
2024-04-05 11:49:43 info: [0mPOST /bookings/range [32m200[0m 17.530 ms - 230[0m
2024-04-05 11:49:43 info: [0mOPTIONS /bookings/range [32m204[0m 0.238 ms - 0[0m
2024-04-05 11:49:43 info: [0mOPTIONS /bookings/range [32m204[0m 0.284 ms - 0[0m
2024-04-05 11:49:43 info: [0mOPTIONS /bookings/range [32m204[0m 0.119 ms - 0[0m
2024-04-05 11:49:43 info: [0mPOST /bookings/range [32m200[0m 17.737 ms - 230[0m
2024-04-05 11:49:43 info: [0mOPTIONS /bookings/range [32m204[0m 0.183 ms - 0[0m
2024-04-05 11:49:43 info: [0mPOST /bookings/range [32m200[0m 11.663 ms - 230[0m
2024-04-05 11:49:43 info: [0mPOST /bookings/range [32m200[0m 13.592 ms - 230[0m
2024-04-05 11:49:43 info: [0mPOST /bookings/range [32m200[0m 5.080 ms - 230[0m
2024-04-05 11:49:43 info: [0mPOST /bookings/range [32m200[0m 6.034 ms - 230[0m
2024-04-05 11:49:43 info: [0mPOST /bookings/range [32m200[0m 425.576 ms - 230[0m
2024-04-05 11:49:54 info: [0mOPTIONS /rooms/find-room [32m204[0m 0.232 ms - 0[0m
2024-04-05 11:49:54 info: [0mPOST /rooms/find-room [32m200[0m 94.522 ms - 730[0m
2024-04-05 11:49:56 info: [0mGET /users/2 [32m200[0m 14.235 ms - 304[0m
2024-04-05 11:49:56 info: [0mGET /users/2 [32m200[0m 177.165 ms - 304[0m
2024-04-05 11:52:20 info: =================================
2024-04-05 11:52:20 info: ======= ENV: development =======
2024-04-05 11:52:20 info: 🚀 App listening on the port 3000
2024-04-05 11:52:20 info: =================================
2024-04-05 11:52:20 error: [GET] /rooms >> StatusCode:: 500, Message:: No repository for "RoomsEntity" was found. Looks like this entity is not registered in current "default" connection?
2024-04-05 11:52:20 info: [0mGET /rooms [31m500[0m 22.044 ms - 134[0m
2024-04-05 11:52:20 error: [GET] /rooms >> StatusCode:: 500, Message:: No repository for "RoomsEntity" was found. Looks like this entity is not registered in current "default" connection?
2024-04-05 11:52:20 info: [0mGET /rooms [31m500[0m 9.604 ms - 134[0m
2024-04-05 11:52:20 info: [0mOPTIONS /rooms/find-room [32m204[0m 7.648 ms - 0[0m
2024-04-05 11:52:20 info: [0mOPTIONS /rooms/find-room [32m204[0m 0.675 ms - 0[0m
2024-04-05 11:52:20 error: [POST] /rooms/find-room >> StatusCode:: 500, Message:: No repository for "RoomsEntity" was found. Looks like this entity is not registered in current "default" connection?
2024-04-05 11:52:20 info: [0mPOST /rooms/find-room [31m500[0m 39.042 ms - 134[0m
2024-04-05 11:52:20 error: [POST] /rooms/find-room >> StatusCode:: 500, Message:: No repository for "RoomsEntity" was found. Looks like this entity is not registered in current "default" connection?
2024-04-05 11:52:20 info: [0mPOST /rooms/find-room [31m500[0m 4.548 ms - 134[0m
2024-04-05 11:52:33 info: [0mOPTIONS /rooms/find-room [32m204[0m 0.660 ms - 0[0m
2024-04-05 11:52:33 info: [0mOPTIONS /rooms/find-room [32m204[0m 0.184 ms - 0[0m
2024-04-05 11:52:33 info: [0mGET /rooms [32m200[0m 172.122 ms - -[0m
2024-04-05 11:52:33 info: [0mGET /rooms [32m200[0m 181.984 ms - -[0m
2024-04-05 11:52:33 info: [0mPOST /rooms/find-room [32m200[0m 185.831 ms - 741[0m
2024-04-05 11:52:33 info: [0mPOST /rooms/find-room [32m200[0m 177.136 ms - 741[0m
2024-04-05 11:52:33 info: [0mOPTIONS /bookings/range [32m204[0m 0.434 ms - 0[0m
2024-04-05 11:52:33 info: [0mOPTIONS /bookings/range [32m204[0m 0.257 ms - 0[0m
2024-04-05 11:52:33 info: [0mOPTIONS /bookings/range [32m204[0m 0.265 ms - 0[0m
2024-04-05 11:52:33 info: [0mOPTIONS /bookings/range [32m204[0m 0.188 ms - 0[0m
2024-04-05 11:52:33 info: [0mOPTIONS /bookings/range [32m204[0m 0.758 ms - 0[0m
2024-04-05 11:52:33 info: [0mOPTIONS /bookings/range [32m204[0m 0.398 ms - 0[0m
2024-04-05 11:52:33 info: [0mOPTIONS /bookings/range [32m204[0m 0.376 ms - 0[0m
2024-04-05 11:52:33 info: [0mOPTIONS /bookings/range [32m204[0m 0.175 ms - 0[0m
2024-04-05 11:52:33 info: [0mOPTIONS /bookings/range [32m204[0m 1.038 ms - 0[0m
2024-04-05 11:52:33 info: [0mPOST /bookings/range [32m200[0m 67.107 ms - 230[0m
2024-04-05 11:52:33 info: [0mPOST /bookings/range [32m200[0m 52.518 ms - 230[0m
2024-04-05 11:52:33 info: [0mPOST /bookings/range [32m200[0m 53.852 ms - 230[0m
2024-04-05 11:52:33 info: [0mPOST /bookings/range [32m200[0m 72.776 ms - 230[0m
2024-04-05 11:52:33 info: [0mOPTIONS /bookings/range [32m204[0m 0.328 ms - 0[0m
2024-04-05 11:52:33 info: [0mOPTIONS /bookings/range [32m204[0m 0.577 ms - 0[0m
2024-04-05 11:52:33 info: [0mPOST /bookings/range [32m200[0m 28.842 ms - 230[0m
2024-04-05 11:52:33 info: [0mPOST /bookings/range [32m200[0m 32.920 ms - 230[0m
2024-04-05 11:52:33 info: [0mPOST /bookings/range [32m200[0m 37.230 ms - 230[0m
2024-04-05 11:52:33 info: [0mPOST /bookings/range [32m200[0m 34.993 ms - 230[0m
2024-04-05 11:52:33 info: [0mOPTIONS /bookings/range [32m204[0m 0.661 ms - 0[0m
2024-04-05 11:52:33 info: [0mOPTIONS /bookings/range [32m204[0m 0.648 ms - 0[0m
2024-04-05 11:52:33 info: [0mOPTIONS /bookings/range [32m204[0m 0.663 ms - 0[0m
2024-04-05 11:52:33 info: [0mOPTIONS /bookings/range [32m204[0m 0.134 ms - 0[0m
2024-04-05 11:52:33 info: [0mPOST /bookings/range [32m200[0m 44.846 ms - 230[0m
2024-04-05 11:52:33 info: [0mPOST /bookings/range [32m200[0m 25.023 ms - 230[0m
2024-04-05 11:52:33 info: [0mPOST /bookings/range [32m200[0m 31.264 ms - 230[0m
2024-04-05 11:52:33 info: [0mPOST /bookings/range [32m200[0m 34.303 ms - 230[0m
2024-04-05 11:52:33 info: [0mOPTIONS /bookings/range [32m204[0m 0.239 ms - 0[0m
2024-04-05 11:52:33 info: [0mOPTIONS /bookings/range [32m204[0m 0.256 ms - 0[0m
2024-04-05 11:52:33 info: [0mOPTIONS /bookings/range [32m204[0m 0.147 ms - 0[0m
2024-04-05 11:52:33 info: [0mOPTIONS /bookings/range [32m204[0m 0.213 ms - 0[0m
2024-04-05 11:52:33 info: [0mPOST /bookings/range [32m200[0m 24.689 ms - 230[0m
2024-04-05 11:52:33 info: [0mPOST /bookings/range [32m200[0m 18.497 ms - 230[0m
2024-04-05 11:52:33 info: [0mPOST /bookings/range [32m200[0m 25.868 ms - 230[0m
2024-04-05 11:52:33 info: [0mOPTIONS /bookings/range [32m204[0m 0.204 ms - 0[0m
2024-04-05 11:52:33 info: [0mOPTIONS /bookings/range [32m204[0m 0.371 ms - 0[0m
2024-04-05 11:52:33 info: [0mPOST /bookings/range [32m200[0m 29.589 ms - 230[0m
2024-04-05 11:52:33 info: [0mOPTIONS /bookings/range [32m204[0m 0.172 ms - 0[0m
2024-04-05 11:52:33 info: [0mPOST /bookings/range [32m200[0m 26.113 ms - 230[0m
2024-04-05 11:52:33 info: [0mPOST /bookings/range [32m200[0m 20.026 ms - 230[0m
2024-04-05 11:52:33 info: [0mOPTIONS /bookings/range [32m204[0m 0.485 ms - 0[0m
2024-04-05 11:52:33 info: [0mOPTIONS /bookings/range [32m204[0m 0.833 ms - 0[0m
2024-04-05 11:52:34 info: [0mOPTIONS /bookings/range [32m204[0m 0.212 ms - 0[0m
2024-04-05 11:52:34 info: [0mPOST /bookings/range [32m200[0m 13.037 ms - 230[0m
2024-04-05 11:52:34 info: [0mPOST /bookings/range [32m200[0m 19.829 ms - 230[0m
2024-04-05 11:52:34 info: [0mPOST /bookings/range [32m200[0m 21.511 ms - 230[0m
2024-04-05 11:52:34 info: [0mPOST /bookings/range [32m200[0m 22.840 ms - 230[0m
2024-04-05 11:52:34 info: [0mOPTIONS /bookings/range [32m204[0m 0.296 ms - 0[0m
2024-04-05 11:52:34 info: [0mOPTIONS /bookings/range [32m204[0m 0.275 ms - 0[0m
2024-04-05 11:52:34 info: [0mOPTIONS /bookings/range [32m204[0m 0.934 ms - 0[0m
2024-04-05 11:52:34 info: [0mPOST /bookings/range [32m200[0m 93.769 ms - 230[0m
2024-04-05 11:52:34 info: [0mOPTIONS /bookings/range [32m204[0m 0.489 ms - 0[0m
2024-04-05 11:52:34 info: [0mPOST /bookings/range [32m200[0m 468.657 ms - 230[0m
2024-04-05 11:52:34 info: [0mPOST /bookings/range [32m200[0m 473.115 ms - 230[0m
2024-04-05 11:52:34 info: [0mPOST /bookings/range [32m200[0m 82.889 ms - 230[0m
2024-04-05 11:52:34 info: [0mOPTIONS /bookings/range [32m204[0m 0.834 ms - 0[0m
2024-04-05 11:52:34 info: [0mOPTIONS /bookings/range [32m204[0m 0.462 ms - 0[0m
2024-04-05 11:52:34 info: [0mPOST /bookings/range [32m200[0m 113.829 ms - 230[0m
2024-04-05 11:52:34 info: [0mOPTIONS /bookings/range [32m204[0m 0.270 ms - 0[0m
2024-04-05 11:52:34 info: [0mOPTIONS /bookings/range [32m204[0m 0.257 ms - 0[0m
2024-04-05 11:52:34 info: [0mOPTIONS /bookings/range [32m204[0m 0.259 ms - 0[0m
2024-04-05 11:52:34 info: [0mPOST /bookings/range [32m200[0m 41.762 ms - 230[0m
2024-04-05 11:52:34 info: [0mPOST /bookings/range [32m200[0m 32.399 ms - 230[0m
2024-04-05 11:52:34 info: [0mPOST /bookings/range [32m200[0m 31.945 ms - 230[0m
2024-04-05 11:52:34 info: [0mPOST /bookings/range [32m200[0m 22.737 ms - 230[0m
2024-04-05 11:52:34 info: [0mPOST /bookings/range [32m200[0m 78.151 ms - 230[0m
2024-04-05 11:52:34 info: [0mPOST /bookings/range [32m200[0m 80.945 ms - 230[0m
2024-04-05 11:52:34 info: [0mPOST /bookings/range [32m200[0m 18.270 ms - 230[0m
2024-04-05 11:52:36 info: [0mPOST /rooms/find-room [32m200[0m 5.065 ms - 730[0m
2024-04-05 11:52:38 info: [0mGET /users/2 [32m200[0m 52.819 ms - 304[0m
2024-04-05 11:52:38 info: [0mGET /users/2 [32m200[0m 66.574 ms - 304[0m
2024-04-05 11:53:07 info: [0mGET /users/2 [32m200[0m 169.749 ms - 304[0m
2024-04-05 11:53:07 info: [0mGET /users/2 [36m304[0m 197.285 ms - -[0m
